Using pre-set license
Built from '2020.2/staging' branch; Version is '2020.2.5f1 (e2c53f129de5) revision 14861631'; Using compiler version '192528614'; Build Type 'Release'
OS: 'Windows 10 Home; OS build 18363.1379; Version 1909; 64bit' Language: 'es' Physical Memory: 8141 MB
BatchMode: 1, IsHumanControllingUs: 0, StartBugReporterOnCrash: 0, Is64bit: 1, IsPro: 0

 COMMAND LINE ARGUMENTS:
C:\Program Files\Unity\Hub\Editor\2020.2.5f1\Editor\Unity.exe
-adb2
-batchMode
-noUpm
-name
AssetImportWorker4
-projectPath
C:/Users/dany_/OneDrive/Documents/Tec/Proyecto_STEAM/Scape_to_Space/prueba1
-logFile
Logs/AssetImportWorker4.log
-srvPort
56501
Successfully changed project path to: C:/Users/dany_/OneDrive/Documents/Tec/Proyecto_STEAM/Scape_to_Space/prueba1
C:/Users/dany_/OneDrive/Documents/Tec/Proyecto_STEAM/Scape_to_Space/prueba1
Using Asset Import Pipeline V2.
Refreshing native plugins compatible for Editor in 29.24 ms, found 0 plugins.
Preloading 0 native plugins for Editor in 0.00 ms.
Initialize engine version: 2020.2.5f1 (e2c53f129de5)
[Subsystems] Discovering subsystems at path C:/Program Files/Unity/Hub/Editor/2020.2.5f1/Editor/Data/Resources/UnitySubsystems
[Subsystems] Discovering subsystems at path C:/Users/dany_/OneDrive/Documents/Tec/Proyecto_STEAM/Scape_to_Space/prueba1/Assets
GfxDevice: creating device client; threaded=0
Direct3D:
    Version:  Direct3D 11.0 [level 11.1]
    Renderer: NVIDIA GeForce GTX 980 (ID=0x13c0)
    Vendor:   
    VRAM:     4053 MB
    Driver:   27.21.14.6089
Initialize mono
Mono path[0] = 'C:/Program Files/Unity/Hub/Editor/2020.2.5f1/Editor/Data/Managed'
Mono path[1] = 'C:/Program Files/Unity/Hub/Editor/2020.2.5f1/Editor/Data/MonoBleedingEdge/lib/mono/unityjit'
Mono config path = 'C:/Program Files/Unity/Hub/Editor/2020.2.5f1/Editor/Data/MonoBleedingEdge/etc'
Using monoOptions --debugger-agent=transport=dt_socket,embedding=1,server=y,suspend=n,address=127.0.0.1:56460
Begin MonoManager ReloadAssembly
Registering precompiled unity dll's ...
Register platform support module: C:/Program Files/Unity/Hub/Editor/2020.2.5f1/Editor/Data/PlaybackEngines/WindowsStandaloneSupport/UnityEditor.WindowsStandalone.Extensions.dll
Registered in 0.002280 seconds.
Native extension for WindowsStandalone target not found
Refreshing native plugins compatible for Editor in 26.29 ms, found 0 plugins.
Preloading 0 native plugins for Editor in 0.00 ms.
Invoked RoslynAnalysisRunner static constructor.
RoslynAnalysisRunner will not be running.
RoslynAnalysisRunner has terminated.
Mono: successfully reloaded assembly
- Completed reload, in  1.350 seconds
Platform modules already initialized, skipping
Registering precompiled user dll's ...
Registered in 0.001015 seconds.
Begin MonoManager ReloadAssembly
Native extension for WindowsStandalone target not found
Refreshing native plugins compatible for Editor in 2.23 ms, found 0 plugins.
Preloading 0 native plugins for Editor in 0.00 ms.
Invoked RoslynAnalysisRunner static constructor.
RoslynAnalysisRunner will not be running.
RoslynAnalysisRunner has terminated.
Mono: successfully reloaded assembly
- Completed reload, in  4.973 seconds
Platform modules already initialized, skipping
========================================================================
Worker process is ready to serve import requests
Launched and connected shader compiler UnityShaderCompiler.exe after 0.29 seconds
Refreshing native plugins compatible for Editor in 0.21 ms, found 0 plugins.
Preloading 0 native plugins for Editor in 0.00 ms.
Unloading 1103 Unused Serialized files (Serialized files now loaded: 0)
System memory in use before: 57.0 MB.
System memory in use after: 57.1 MB.

Unloading 10 unused Assets to reduce memory usage. Loaded Objects now: 1544.
Total: 2.406200 ms (FindLiveObjects: 0.213200 ms CreateObjectMapping: 0.163400 ms MarkObjects: 1.854200 ms  DeleteObjects: 0.173200 ms)

========================================================================
Received Import Request.
  path: Assets/sounds/439538__ethanchase7744__epic-sword-clang-2.wav
  artifactKey: Guid(ea49e1a56c26aae4285fa8c29ab48e15) Importer(815301076,1909f56bfc062723c751e8b465ee728b)
Start importing Assets/sounds/439538__ethanchase7744__epic-sword-clang-2.wav using Guid(ea49e1a56c26aae4285fa8c29ab48e15) Importer(815301076,1909f56bfc062723c751e8b465ee728b)  -> (artifact id: '37b158d4a27208100225735924fb7138') in 1.114182 seconds
  Import took 1.134347 seconds .

========================================================================
Received Import Request.
  Time since last request: 0.000265 seconds.
  path: Assets/sounds
  artifactKey: Guid(9cbc14e7605d2ac4d83b4440e3cfbe50) Importer(815301076,1909f56bfc062723c751e8b465ee728b)
Start importing Assets/sounds using Guid(9cbc14e7605d2ac4d83b4440e3cfbe50) Importer(815301076,1909f56bfc062723c751e8b465ee728b)  -> (artifact id: 'c630c2b47c241e20818d09e428fd434c') in 0.033412 seconds
  Import took 0.111468 seconds .

========================================================================
Received Import Request.
  Time since last request: 241.882493 seconds.
  path: Assets
  artifactKey: Guid(00000000000000001000000000000000) Importer(815301076,1909f56bfc062723c751e8b465ee728b)
Start importing Assets using Guid(00000000000000001000000000000000) Importer(815301076,1909f56bfc062723c751e8b465ee728b)  -> (artifact id: '29f2a2471e7245fbc0aa931fa5cf45b7') in 1.627211 seconds
  Import took 1.879566 seconds .

========================================================================
Received Import Request.
  Time since last request: 2.569874 seconds.
  path: Assets/scripts
  artifactKey: Guid(fe7a4d3d1ce18b34f900f73222b50484) Importer(815301076,1909f56bfc062723c751e8b465ee728b)
Start importing Assets/scripts using Guid(fe7a4d3d1ce18b34f900f73222b50484) Importer(815301076,1909f56bfc062723c751e8b465ee728b)  -> (artifact id: 'cc2cb743b6e65a8829fcaab71c775e5f') in 0.014873 seconds
  Import took 0.032920 seconds .

========================================================================
Received Import Request.
  Time since last request: 9.457446 seconds.
  path: Assets/scripts/SoundControl.cs
  artifactKey: Guid(55870c1861f61904da2a97affd4d19f5) Importer(815301076,1909f56bfc062723c751e8b465ee728b)
Start importing Assets/scripts/SoundControl.cs using Guid(55870c1861f61904da2a97affd4d19f5) Importer(815301076,1909f56bfc062723c751e8b465ee728b)  -> (artifact id: 'd2a83245de5306d295dc5a4ccebe9f96') in 0.648446 seconds
  Import took 0.721773 seconds .

========================================================================
Received Prepare
Registering precompiled user dll's ...
Registered in 0.001429 seconds.
Begin MonoManager ReloadAssembly
Native extension for WindowsStandalone target not found
Refreshing native plugins compatible for Editor in 0.30 ms, found 0 plugins.
Preloading 0 native plugins for Editor in 0.00 ms.
Invoked RoslynAnalysisRunner static constructor.
RoslynAnalysisRunner will not be running.
RoslynAnalysisRunner has terminated.
Mono: successfully reloaded assembly
- Completed reload, in  0.975 seconds
Platform modules already initialized, skipping
Refreshing native plugins compatible for Editor in 0.51 ms, found 0 plugins.
Preloading 0 native plugins for Editor in 0.00 ms.
Unloading 1099 Unused Serialized files (Serialized files now loaded: 0)
System memory in use before: 60.2 MB.
System memory in use after: 60.2 MB.

Unloading 5 unused Assets to reduce memory usage. Loaded Objects now: 1556.
Total: 2.458700 ms (FindLiveObjects: 0.159900 ms CreateObjectMapping: 0.068700 ms MarkObjects: 2.131600 ms  DeleteObjects: 0.096800 ms)

========================================================================
Received Import Request.
  Time since last request: 589.739154 seconds.
  path: Assets/scripts/SoundControl.cs
  artifactKey: Guid(55870c1861f61904da2a97affd4d19f5) Importer(815301076,1909f56bfc062723c751e8b465ee728b)
Start importing Assets/scripts/SoundControl.cs using Guid(55870c1861f61904da2a97affd4d19f5) Importer(815301076,1909f56bfc062723c751e8b465ee728b)  -> (artifact id: 'cf67a1643892a078739a632da274695c') in 0.016109 seconds
  Import took 0.034494 seconds .

========================================================================
Received Import Request.
  Time since last request: 17.125721 seconds.
  path: Assets/scripts/SoundControl.cs
  artifactKey: Guid(55870c1861f61904da2a97affd4d19f5) Importer(815301076,1909f56bfc062723c751e8b465ee728b)
Start importing Assets/scripts/SoundControl.cs using Guid(55870c1861f61904da2a97affd4d19f5) Importer(815301076,1909f56bfc062723c751e8b465ee728b)  -> (artifact id: '15b9e8b96094bd32018fe0d198155ef6') in 0.008874 seconds
  Import took 0.065238 seconds .

========================================================================
Received Prepare
Registering precompiled user dll's ...
Registered in 0.000869 seconds.
Begin MonoManager ReloadAssembly
Native extension for WindowsStandalone target not found
Refreshing native plugins compatible for Editor in 0.20 ms, found 0 plugins.
Preloading 0 native plugins for Editor in 0.00 ms.
Invoked RoslynAnalysisRunner static constructor.
RoslynAnalysisRunner will not be running.
RoslynAnalysisRunner has terminated.
Mono: successfully reloaded assembly
- Completed reload, in  0.992 seconds
Platform modules already initialized, skipping
Refreshing native plugins compatible for Editor in 0.21 ms, found 0 plugins.
Preloading 0 native plugins for Editor in 0.00 ms.
Unloading 1099 Unused Serialized files (Serialized files now loaded: 0)
System memory in use before: 60.2 MB.
System memory in use after: 60.3 MB.

Unloading 5 unused Assets to reduce memory usage. Loaded Objects now: 1558.
Total: 1.709000 ms (FindLiveObjects: 0.171000 ms CreateObjectMapping: 0.044400 ms MarkObjects: 1.433800 ms  DeleteObjects: 0.058400 ms)

========================================================================
Received Import Request.
  Time since last request: 76.157314 seconds.
  path: Assets/scripts/SoundControl.cs
  artifactKey: Guid(55870c1861f61904da2a97affd4d19f5) Importer(815301076,1909f56bfc062723c751e8b465ee728b)
Start importing Assets/scripts/SoundControl.cs using Guid(55870c1861f61904da2a97affd4d19f5) Importer(815301076,1909f56bfc062723c751e8b465ee728b)  -> (artifact id: 'e84a04cf043543337dcbde0ec51c9250') in 0.009848 seconds
  Import took 0.029661 seconds .

========================================================================
Received Prepare
Registering precompiled user dll's ...
Registered in 0.001082 seconds.
Begin MonoManager ReloadAssembly
Native extension for WindowsStandalone target not found
Refreshing native plugins compatible for Editor in 1.59 ms, found 0 plugins.
Preloading 0 native plugins for Editor in 0.00 ms.
Invoked RoslynAnalysisRunner static constructor.
RoslynAnalysisRunner will not be running.
RoslynAnalysisRunner has terminated.
Mono: successfully reloaded assembly
- Completed reload, in  2.039 seconds
Platform modules already initialized, skipping
Refreshing native plugins compatible for Editor in 0.39 ms, found 0 plugins.
Preloading 0 native plugins for Editor in 0.00 ms.
Unloading 1099 Unused Serialized files (Serialized files now loaded: 0)
System memory in use before: 60.3 MB.
System memory in use after: 60.3 MB.

Unloading 5 unused Assets to reduce memory usage. Loaded Objects now: 1560.
Total: 2.874400 ms (FindLiveObjects: 0.155800 ms CreateObjectMapping: 0.044900 ms MarkObjects: 2.568000 ms  DeleteObjects: 0.103600 ms)

========================================================================
Received Import Request.
  Time since last request: 170.686880 seconds.
  path: Assets/scripts/game mixer.mixer
  artifactKey: Guid(9880db6a51f916c4e8ab6f439fef2755) Importer(815301076,1909f56bfc062723c751e8b465ee728b)
Start importing Assets/scripts/game mixer.mixer using Guid(9880db6a51f916c4e8ab6f439fef2755) Importer(815301076,1909f56bfc062723c751e8b465ee728b)  -> (artifact id: 'aa81fd21a590a51af899edcb69a4d41f') in 0.051646 seconds
  Import took 0.074903 seconds .

========================================================================
Received Import Request.
  Time since last request: 84.351691 seconds.
  path: Assets/NewAudioMixer.mixer
  artifactKey: Guid(fb8f611f74828864eb37ee41df37df6a) Importer(815301076,1909f56bfc062723c751e8b465ee728b)
Start importing Assets/NewAudioMixer.mixer using Guid(fb8f611f74828864eb37ee41df37df6a) Importer(815301076,1909f56bfc062723c751e8b465ee728b)  -> (artifact id: 'c1fd81d357991ae0f6fafe9ac828b944') in 0.014554 seconds
  Import took 0.026969 seconds .

========================================================================
Received Prepare
Registering precompiled user dll's ...
Registered in 0.001277 seconds.
Begin MonoManager ReloadAssembly
Native extension for WindowsStandalone target not found
Refreshing native plugins compatible for Editor in 0.32 ms, found 0 plugins.
Preloading 0 native plugins for Editor in 0.00 ms.
Invoked RoslynAnalysisRunner static constructor.
RoslynAnalysisRunner will not be running.
RoslynAnalysisRunner has terminated.
Mono: successfully reloaded assembly
- Completed reload, in  1.634 seconds
Platform modules already initialized, skipping
Refreshing native plugins compatible for Editor in 0.23 ms, found 0 plugins.
Preloading 0 native plugins for Editor in 0.00 ms.
Unloading 1099 Unused Serialized files (Serialized files now loaded: 0)
System memory in use before: 60.3 MB.
System memory in use after: 60.3 MB.

Unloading 5 unused Assets to reduce memory usage. Loaded Objects now: 1562.
Total: 1.734600 ms (FindLiveObjects: 0.137200 ms CreateObjectMapping: 0.033800 ms MarkObjects: 1.497600 ms  DeleteObjects: 0.064800 ms)

========================================================================
Received Import Request.
  Time since last request: 104.469396 seconds.
  path: Assets/material
  artifactKey: Guid(90c218ea2f45ee943beb8528d83e94cc) Importer(815301076,1909f56bfc062723c751e8b465ee728b)
Start importing Assets/material using Guid(90c218ea2f45ee943beb8528d83e94cc) Importer(815301076,1909f56bfc062723c751e8b465ee728b)  -> (artifact id: 'f6198cfd80e6dd905ac00446e8aa532f') in 0.010500 seconds
  Import took 0.012626 seconds .

========================================================================
Received Import Request.
  Time since last request: 15.664096 seconds.
  path: Assets/material/New Material.mat
  artifactKey: Guid(fff2116b8a4d9054b9c1fc95bd33ad48) Importer(815301076,1909f56bfc062723c751e8b465ee728b)
Start importing Assets/material/New Material.mat using Guid(fff2116b8a4d9054b9c1fc95bd33ad48) Importer(815301076,1909f56bfc062723c751e8b465ee728b)  -> (artifact id: '9c9b4581ad8707fac7e7377d05fd14a4') in 0.343706 seconds
  Import took 0.353771 seconds .

========================================================================
Received Import Request.
  Time since last request: 14.434784 seconds.
  path: Assets/material/New Physic Material.physicMaterial
  artifactKey: Guid(c5c0a97b0f807e6449f68c065f6148d6) Importer(815301076,1909f56bfc062723c751e8b465ee728b)
Start importing Assets/material/New Physic Material.physicMaterial using Guid(c5c0a97b0f807e6449f68c065f6148d6) Importer(815301076,1909f56bfc062723c751e8b465ee728b)  -> (artifact id: 'b8dd104a654c16cad55c923b709fdca2') in 0.019070 seconds
  Import took 0.027089 seconds .

========================================================================
Received Prepare
Registering precompiled user dll's ...
Registered in 0.001503 seconds.
Begin MonoManager ReloadAssembly
Native extension for WindowsStandalone target not found
Refreshing native plugins compatible for Editor in 0.27 ms, found 0 plugins.
Preloading 0 native plugins for Editor in 0.00 ms.
Invoked RoslynAnalysisRunner static constructor.
RoslynAnalysisRunner will not be running.
RoslynAnalysisRunner has terminated.
Mono: successfully reloaded assembly
- Completed reload, in  1.629 seconds
Platform modules already initialized, skipping
Refreshing native plugins compatible for Editor in 0.29 ms, found 0 plugins.
Preloading 0 native plugins for Editor in 0.00 ms.
Unloading 1099 Unused Serialized files (Serialized files now loaded: 0)
System memory in use before: 60.5 MB.
System memory in use after: 60.6 MB.

Unloading 5 unused Assets to reduce memory usage. Loaded Objects now: 1598.
Total: 3.155200 ms (FindLiveObjects: 0.152000 ms CreateObjectMapping: 0.045500 ms MarkObjects: 2.885800 ms  DeleteObjects: 0.069700 ms)

AssetImportWorkerClient::OnTransportError - code=2 error=End of file
