Using pre-set license
Built from '2020.2/staging' branch; Version is '2020.2.5f1 (e2c53f129de5) revision 14861631'; Using compiler version '192528614'; Build Type 'Release'
OS: 'Windows 10 Home; OS build 18363.1379; Version 1909; 64bit' Language: 'es' Physical Memory: 8141 MB
BatchMode: 1, IsHumanControllingUs: 0, StartBugReporterOnCrash: 0, Is64bit: 1, IsPro: 0

 COMMAND LINE ARGUMENTS:
C:\Program Files\Unity\Hub\Editor\2020.2.5f1\Editor\Unity.exe
-adb2
-batchMode
-noUpm
-name
AssetImportWorker2
-projectPath
C:/Users/dany_/OneDrive/Documents/Tec/Proyecto_STEAM/Scape to Space
-logFile
Logs/AssetImportWorker2.log
-srvPort
49910
Successfully changed project path to: C:/Users/dany_/OneDrive/Documents/Tec/Proyecto_STEAM/Scape to Space
C:/Users/dany_/OneDrive/Documents/Tec/Proyecto_STEAM/Scape to Space
Using Asset Import Pipeline V2.
Refreshing native plugins compatible for Editor in 45.00 ms, found 1 plugins.
Preloading 0 native plugins for Editor in 0.00 ms.
Initialize engine version: 2020.2.5f1 (e2c53f129de5)
[Subsystems] Discovering subsystems at path C:/Program Files/Unity/Hub/Editor/2020.2.5f1/Editor/Data/Resources/UnitySubsystems
[Subsystems] Discovering subsystems at path C:/Users/dany_/OneDrive/Documents/Tec/Proyecto_STEAM/Scape to Space/Assets
GfxDevice: creating device client; threaded=0
Direct3D:
    Version:  Direct3D 11.0 [level 11.1]
    Renderer: NVIDIA GeForce GTX 980 (ID=0x13c0)
    Vendor:   
    VRAM:     4053 MB
    Driver:   27.21.14.6089
Initialize mono
Mono path[0] = 'C:/Program Files/Unity/Hub/Editor/2020.2.5f1/Editor/Data/Managed'
Mono path[1] = 'C:/Program Files/Unity/Hub/Editor/2020.2.5f1/Editor/Data/MonoBleedingEdge/lib/mono/unityjit'
Mono config path = 'C:/Program Files/Unity/Hub/Editor/2020.2.5f1/Editor/Data/MonoBleedingEdge/etc'
Using monoOptions --debugger-agent=transport=dt_socket,embedding=1,server=y,suspend=n,address=127.0.0.1:56792
Begin MonoManager ReloadAssembly
Registering precompiled unity dll's ...
Register platform support module: C:/Program Files/Unity/Hub/Editor/2020.2.5f1/Editor/Data/PlaybackEngines/WindowsStandaloneSupport/UnityEditor.WindowsStandalone.Extensions.dll
Registered in 0.002379 seconds.
Native extension for WindowsStandalone target not found
Refreshing native plugins compatible for Editor in 40.86 ms, found 1 plugins.
Preloading 0 native plugins for Editor in 0.00 ms.
Invoked RoslynAnalysisRunner static constructor.
RoslynAnalysisRunner will not be running.
RoslynAnalysisRunner has terminated.
Mono: successfully reloaded assembly
- Completed reload, in  1.216 seconds
Platform modules already initialized, skipping
Registering precompiled user dll's ...
Registered in 0.001223 seconds.
Begin MonoManager ReloadAssembly
Native extension for WindowsStandalone target not found
Refreshing native plugins compatible for Editor in 41.69 ms, found 1 plugins.
Preloading 0 native plugins for Editor in 0.00 ms.
Invoked RoslynAnalysisRunner static constructor.
RoslynAnalysisRunner will not be running.
RoslynAnalysisRunner has terminated.
Mono: successfully reloaded assembly
- Completed reload, in  5.910 seconds
Platform modules already initialized, skipping
========================================================================
Worker process is ready to serve import requests
Launched and connected shader compiler UnityShaderCompiler.exe after 0.35 seconds
Refreshing native plugins compatible for Editor in 0.36 ms, found 1 plugins.
Preloading 0 native plugins for Editor in 0.00 ms.
Unloading 1796 Unused Serialized files (Serialized files now loaded: 0)
System memory in use before: 84.3 MB.
System memory in use after: 84.2 MB.

Unloading 24 unused Assets to reduce memory usage. Loaded Objects now: 2237.
Total: 2.967400 ms (FindLiveObjects: 0.308900 ms CreateObjectMapping: 0.152800 ms MarkObjects: 2.346900 ms  DeleteObjects: 0.157000 ms)

========================================================================
Received Import Request.
  path: Assets/Pixel Cursors/Cursors/Bonus_50.png
  artifactKey: Guid(fe2443101ded6f544b32f8dc8690c367) Importer(815301076,1909f56bfc062723c751e8b465ee728b)
Start importing Assets/Pixel Cursors/Cursors/Bonus_50.png using Guid(fe2443101ded6f544b32f8dc8690c367) Importer(815301076,1909f56bfc062723c751e8b465ee728b)  -> (artifact id: 'b90b25317146669e11d9bfd8149bdc67') in 0.496219 seconds
  Import took 0.507008 seconds .

========================================================================
Received Import Request.
  Time since last request: 0.000289 seconds.
  path: Assets/Pixel Cursors
  artifactKey: Guid(4ce4d2b2fab492845ab9c43f39f11b04) Importer(815301076,1909f56bfc062723c751e8b465ee728b)
Start importing Assets/Pixel Cursors using Guid(4ce4d2b2fab492845ab9c43f39f11b04) Importer(815301076,1909f56bfc062723c751e8b465ee728b)  -> (artifact id: 'd49d29c7e7242346279f97989343542c') in 0.010019 seconds
  Import took 0.073011 seconds .

========================================================================
Received Import Request.
  Time since last request: 0.000265 seconds.
  path: Assets/Pixel Cursors/Cursors/Bonus_42.png
  artifactKey: Guid(8ef7b760a0ec74c40a35969369427cd3) Importer(815301076,1909f56bfc062723c751e8b465ee728b)
Start importing Assets/Pixel Cursors/Cursors/Bonus_42.png using Guid(8ef7b760a0ec74c40a35969369427cd3) Importer(815301076,1909f56bfc062723c751e8b465ee728b)  -> (artifact id: '9c92318c08ccd2fca02bfc80ac8d786a') in 0.035059 seconds
  Import took 0.038168 seconds .

========================================================================
Received Import Request.
  Time since last request: 0.000271 seconds.
  path: Assets/Pixel Cursors/Cursors/Bonus_12.png
  artifactKey: Guid(86d67df840a2fea4885e6d8c9b7b6e33) Importer(815301076,1909f56bfc062723c751e8b465ee728b)
Start importing Assets/Pixel Cursors/Cursors/Bonus_12.png using Guid(86d67df840a2fea4885e6d8c9b7b6e33) Importer(815301076,1909f56bfc062723c751e8b465ee728b)  -> (artifact id: '9943ba1c3bb69a48dba0d6f16640a655') in 0.025932 seconds
  Import took 0.031650 seconds .

========================================================================
Received Import Request.
  Time since last request: 0.000234 seconds.
  path: Assets/Pixel Cursors/Cursors/Bonus_06.png
  artifactKey: Guid(a4d35a1210326f64fa2339d2ae104afe) Importer(815301076,1909f56bfc062723c751e8b465ee728b)
Start importing Assets/Pixel Cursors/Cursors/Bonus_06.png using Guid(a4d35a1210326f64fa2339d2ae104afe) Importer(815301076,1909f56bfc062723c751e8b465ee728b)  -> (artifact id: 'b0e261eb6a39cdd16b25343e8b4c6b45') in 0.024640 seconds
  Import took 0.030454 seconds .

========================================================================
Received Import Request.
  Time since last request: 0.000532 seconds.
  path: Assets/Pixel Cursors/Cursors/Bonus_26.png
  artifactKey: Guid(99b4ff6ea44bbe24691a30e9fcef0693) Importer(815301076,1909f56bfc062723c751e8b465ee728b)
Start importing Assets/Pixel Cursors/Cursors/Bonus_26.png using Guid(99b4ff6ea44bbe24691a30e9fcef0693) Importer(815301076,1909f56bfc062723c751e8b465ee728b)  -> (artifact id: '7ba7f18a1afe4b9fc6c381ee4d53abc6') in 0.025182 seconds
  Import took 0.076676 seconds .

========================================================================
Received Import Request.
  Time since last request: 0.000235 seconds.
  path: Assets/Pixel Cursors/Cursors/Bonus_46.png
  artifactKey: Guid(e4fac5245b727db42ba0ca0258851b83) Importer(815301076,1909f56bfc062723c751e8b465ee728b)
Start importing Assets/Pixel Cursors/Cursors/Bonus_46.png using Guid(e4fac5245b727db42ba0ca0258851b83) Importer(815301076,1909f56bfc062723c751e8b465ee728b)  -> (artifact id: '9bedb70e8fbbf6c53d05959c83fe10e0') in 0.031672 seconds
  Import took 0.034918 seconds .

========================================================================
Received Import Request.
  Time since last request: 0.000225 seconds.
  path: Assets/Pixel Cursors/Cursors/Bonus_13.png
  artifactKey: Guid(a368e02a212c61c4b8b3db8078d7bb35) Importer(815301076,1909f56bfc062723c751e8b465ee728b)
Start importing Assets/Pixel Cursors/Cursors/Bonus_13.png using Guid(a368e02a212c61c4b8b3db8078d7bb35) Importer(815301076,1909f56bfc062723c751e8b465ee728b)  -> (artifact id: 'c7f9538467b90e555496ddab446bd3dc') in 0.026197 seconds
  Import took 0.056466 seconds .

========================================================================
Received Import Request.
  Time since last request: 0.000170 seconds.
  path: Assets/Pixel Cursors/Cursors/Bonus_23.png
  artifactKey: Guid(682ecf9336b03ba4bb7f247b4d891511) Importer(815301076,1909f56bfc062723c751e8b465ee728b)
Start importing Assets/Pixel Cursors/Cursors/Bonus_23.png using Guid(682ecf9336b03ba4bb7f247b4d891511) Importer(815301076,1909f56bfc062723c751e8b465ee728b)  -> (artifact id: '1dd92068231b43f02a559ca80b9392c2') in 0.038576 seconds
  Import took 0.041944 seconds .

========================================================================
Received Import Request.
  Time since last request: 0.000245 seconds.
  path: Assets/Pixel Cursors/Cursors/Bonus_34.png
  artifactKey: Guid(39c4abc600fd1604981e476942426394) Importer(815301076,1909f56bfc062723c751e8b465ee728b)
Start importing Assets/Pixel Cursors/Cursors/Bonus_34.png using Guid(39c4abc600fd1604981e476942426394) Importer(815301076,1909f56bfc062723c751e8b465ee728b)  -> (artifact id: 'c34458a3e7c1f7d16e6975a0da1490a3') in 0.039379 seconds
  Import took 0.042551 seconds .

========================================================================
Received Import Request.
  Time since last request: 0.000198 seconds.
  path: Assets/Pixel Cursors/Cursors/basic_01 RED.png
  artifactKey: Guid(2a2b4775272c890448e1bd6239fdfc84) Importer(815301076,1909f56bfc062723c751e8b465ee728b)
Start importing Assets/Pixel Cursors/Cursors/basic_01 RED.png using Guid(2a2b4775272c890448e1bd6239fdfc84) Importer(815301076,1909f56bfc062723c751e8b465ee728b)  -> (artifact id: '8d18909c2fd21d7ce3ae5a8d49a14c64') in 0.028026 seconds
  Import took 0.031887 seconds .

========================================================================
Received Import Request.
  Time since last request: 0.000211 seconds.
  path: Assets/Pixel Cursors/Cursors/Bonus_21.png
  artifactKey: Guid(b7bcd258bb3a6ce43bc22b6c569d2015) Importer(815301076,1909f56bfc062723c751e8b465ee728b)
Start importing Assets/Pixel Cursors/Cursors/Bonus_21.png using Guid(b7bcd258bb3a6ce43bc22b6c569d2015) Importer(815301076,1909f56bfc062723c751e8b465ee728b)  -> (artifact id: '45506f3d9b38ab6165278d737b9fe304') in 0.023620 seconds
  Import took 0.076454 seconds .

========================================================================
Received Import Request.
  Time since last request: 0.000227 seconds.
  path: Assets/Pixel Cursors/Cursors/Bonus_39.png
  artifactKey: Guid(d1e966bd99fcdf34abe61948d3290e28) Importer(815301076,1909f56bfc062723c751e8b465ee728b)
Start importing Assets/Pixel Cursors/Cursors/Bonus_39.png using Guid(d1e966bd99fcdf34abe61948d3290e28) Importer(815301076,1909f56bfc062723c751e8b465ee728b)  -> (artifact id: 'b61d6129ab8c34a16eb46ebf6085931a') in 0.022188 seconds
  Import took 0.047904 seconds .

========================================================================
Received Import Request.
  Time since last request: 0.000210 seconds.
  path: Assets/Pixel Cursors/Cursors/Bonus_04.png
  artifactKey: Guid(5235a45d7adbb4346a2152298d55bff9) Importer(815301076,1909f56bfc062723c751e8b465ee728b)
Start importing Assets/Pixel Cursors/Cursors/Bonus_04.png using Guid(5235a45d7adbb4346a2152298d55bff9) Importer(815301076,1909f56bfc062723c751e8b465ee728b)  -> (artifact id: 'a00a1fe8044945779addbc8e7bfeff2f') in 0.030815 seconds
  Import took 0.034491 seconds .

========================================================================
Received Import Request.
  Time since last request: 0.000213 seconds.
  path: Assets/Pixel Cursors/Cursors/Bonus_15.png
  artifactKey: Guid(2d18e23e3ce249b4489b8bcdd02d3f48) Importer(815301076,1909f56bfc062723c751e8b465ee728b)
Start importing Assets/Pixel Cursors/Cursors/Bonus_15.png using Guid(2d18e23e3ce249b4489b8bcdd02d3f48) Importer(815301076,1909f56bfc062723c751e8b465ee728b)  -> (artifact id: 'e678e00f78608b8bf38e7ebe73131f5b') in 0.030061 seconds
  Import took 0.034833 seconds .

========================================================================
Received Import Request.
  Time since last request: 0.000201 seconds.
  path: Assets/Pixel Cursors/Cursors/Bonus_22.png
  artifactKey: Guid(da684d26f38d13c4e96887188e7be456) Importer(815301076,1909f56bfc062723c751e8b465ee728b)
Start importing Assets/Pixel Cursors/Cursors/Bonus_22.png using Guid(da684d26f38d13c4e96887188e7be456) Importer(815301076,1909f56bfc062723c751e8b465ee728b)  -> (artifact id: '40c69101b0f8bf0a1b9d2289999e9a0e') in 0.129712 seconds
  Import took 0.133319 seconds .

========================================================================
Received Import Request.
  Time since last request: 0.000251 seconds.
  path: Assets/Pixel Cursors/Cursors/Bonus_29.png
  artifactKey: Guid(7c487959e49b9e447a29431caf3fdc77) Importer(815301076,1909f56bfc062723c751e8b465ee728b)
Start importing Assets/Pixel Cursors/Cursors/Bonus_29.png using Guid(7c487959e49b9e447a29431caf3fdc77) Importer(815301076,1909f56bfc062723c751e8b465ee728b)  -> (artifact id: 'e4ea32ce2a6b7d91d531ad08817d5081') in 0.034693 seconds
  Import took 0.038330 seconds .

========================================================================
Received Import Request.
  Time since last request: 0.000195 seconds.
  path: Assets/Pixel Cursors/Cursors/Bonus_38.png
  artifactKey: Guid(7d4a349e204be984cbd483b7ba288543) Importer(815301076,1909f56bfc062723c751e8b465ee728b)
Start importing Assets/Pixel Cursors/Cursors/Bonus_38.png using Guid(7d4a349e204be984cbd483b7ba288543) Importer(815301076,1909f56bfc062723c751e8b465ee728b)  -> (artifact id: 'e67f11c0aa2b6fd36d6a7fe650b7cbc6') in 0.024636 seconds
  Import took 0.028457 seconds .

========================================================================
Received Import Request.
  Time since last request: 0.000228 seconds.
  path: Assets/Pixel Cursors/Cursors/basic_01 YELLOW.png
  artifactKey: Guid(6fdfcd4167ed5e7488584241bb671bb2) Importer(815301076,1909f56bfc062723c751e8b465ee728b)
Start importing Assets/Pixel Cursors/Cursors/basic_01 YELLOW.png using Guid(6fdfcd4167ed5e7488584241bb671bb2) Importer(815301076,1909f56bfc062723c751e8b465ee728b)  -> (artifact id: 'bc57754f94964b4dcba9e260c8b8af24') in 0.023178 seconds
  Import took 0.028036 seconds .

========================================================================
Received Import Request.
  Time since last request: 0.000120 seconds.
  path: Assets/Pixel Cursors/Cursors/Bonus_19.png
  artifactKey: Guid(d65d95ca16518034fa82669a92d0b6e7) Importer(815301076,1909f56bfc062723c751e8b465ee728b)
Start importing Assets/Pixel Cursors/Cursors/Bonus_19.png using Guid(d65d95ca16518034fa82669a92d0b6e7) Importer(815301076,1909f56bfc062723c751e8b465ee728b)  -> (artifact id: '6f787724c8fff1715f4f7e8d742beaff') in 0.030699 seconds
  Import took 0.066975 seconds .

========================================================================
Received Import Request.
  Time since last request: 0.000264 seconds.
  path: Assets/Pixel Cursors/Cursors/Bonus_41.png
  artifactKey: Guid(f8c873f1e53e83f4aabf342d6be1dfc3) Importer(815301076,1909f56bfc062723c751e8b465ee728b)
Start importing Assets/Pixel Cursors/Cursors/Bonus_41.png using Guid(f8c873f1e53e83f4aabf342d6be1dfc3) Importer(815301076,1909f56bfc062723c751e8b465ee728b)  -> (artifact id: '0e9ac3ed9bb0d568e42e5a6904016afb') in 0.027086 seconds
  Import took 0.032933 seconds .

========================================================================
Received Import Request.
  Time since last request: 0.000360 seconds.
  path: Assets/Pixel Cursors/Cursors/Bonus_10.png
  artifactKey: Guid(e9cbbd7f4b159c44ba7918ed31612df2) Importer(815301076,1909f56bfc062723c751e8b465ee728b)
Start importing Assets/Pixel Cursors/Cursors/Bonus_10.png using Guid(e9cbbd7f4b159c44ba7918ed31612df2) Importer(815301076,1909f56bfc062723c751e8b465ee728b)  -> (artifact id: '0c25834445754929e11d645bbf84e9a4') in 0.026643 seconds
  Import took 0.031423 seconds .

========================================================================
Received Import Request.
  Time since last request: 0.000232 seconds.
  path: Assets/Pixel Cursors/Cursors/Bonus_25.png
  artifactKey: Guid(13b47201502803547bf2c87d10639cb9) Importer(815301076,1909f56bfc062723c751e8b465ee728b)
Start importing Assets/Pixel Cursors/Cursors/Bonus_25.png using Guid(13b47201502803547bf2c87d10639cb9) Importer(815301076,1909f56bfc062723c751e8b465ee728b)  -> (artifact id: '16fff9d453821f551c208bef0dbf1d0e') in 0.032359 seconds
  Import took 0.036715 seconds .

========================================================================
Received Import Request.
  Time since last request: 0.000289 seconds.
  path: Assets/Pixel Cursors/Cursors/Bonus_43.png
  artifactKey: Guid(a75c68d8f8b30c24788e1ae1ea050ac4) Importer(815301076,1909f56bfc062723c751e8b465ee728b)
Start importing Assets/Pixel Cursors/Cursors/Bonus_43.png using Guid(a75c68d8f8b30c24788e1ae1ea050ac4) Importer(815301076,1909f56bfc062723c751e8b465ee728b)  -> (artifact id: 'b4d6271f1b498f46cb702d0e41f889a4') in 0.024209 seconds
  Import took 0.028550 seconds .

========================================================================
Received Import Request.
  Time since last request: 0.000192 seconds.
  path: Assets/Pixel Cursors/Cursors/basic_01 BLUE.png
  artifactKey: Guid(44a99ee545fd8ba46a452b12c1f9378b) Importer(815301076,1909f56bfc062723c751e8b465ee728b)
Start importing Assets/Pixel Cursors/Cursors/basic_01 BLUE.png using Guid(44a99ee545fd8ba46a452b12c1f9378b) Importer(815301076,1909f56bfc062723c751e8b465ee728b)  -> (artifact id: '3c4e5935edb2c91d8aeb70d5bb592b2e') in 0.024737 seconds
  Import took 0.043081 seconds .

========================================================================
Received Import Request.
  Time since last request: 0.000189 seconds.
  path: Assets/Pixel Cursors/Cursors/Bonus_30.png
  artifactKey: Guid(4766716444a965b449ef86e524455e71) Importer(815301076,1909f56bfc062723c751e8b465ee728b)
Start importing Assets/Pixel Cursors/Cursors/Bonus_30.png using Guid(4766716444a965b449ef86e524455e71) Importer(815301076,1909f56bfc062723c751e8b465ee728b)  -> (artifact id: 'b86c522480178260291f595e699dfca7') in 0.021582 seconds
  Import took 0.026132 seconds .

========================================================================
Received Import Request.
  Time since last request: 0.000239 seconds.
  path: Assets/Pixel Cursors/Cursors/Bonus_07.png
  artifactKey: Guid(bd3559211c3a4f64dbdff8af508d1995) Importer(815301076,1909f56bfc062723c751e8b465ee728b)
Start importing Assets/Pixel Cursors/Cursors/Bonus_07.png using Guid(bd3559211c3a4f64dbdff8af508d1995) Importer(815301076,1909f56bfc062723c751e8b465ee728b)  -> (artifact id: '4f706531e761bd95990262e6272708a5') in 0.029069 seconds
  Import took 0.035951 seconds .

========================================================================
Received Import Request.
  Time since last request: 0.001453 seconds.
  path: Assets/Pixel Cursors/Cursors/Bonus_44.png
  artifactKey: Guid(21628736160fcc9488493401da3ef621) Importer(815301076,1909f56bfc062723c751e8b465ee728b)
Start importing Assets/Pixel Cursors/Cursors/Bonus_44.png using Guid(21628736160fcc9488493401da3ef621) Importer(815301076,1909f56bfc062723c751e8b465ee728b)  -> (artifact id: 'f91b9d1147fb2dfda5ae081b5fc77408') in 0.046399 seconds
  Import took 0.051583 seconds .

========================================================================
Received Import Request.
  Time since last request: 0.000231 seconds.
  path: Assets/Pixel Cursors/Cursors/Bonus_14.png
  artifactKey: Guid(16eb76a57807650498cf0873147418fa) Importer(815301076,1909f56bfc062723c751e8b465ee728b)
Start importing Assets/Pixel Cursors/Cursors/Bonus_14.png using Guid(16eb76a57807650498cf0873147418fa) Importer(815301076,1909f56bfc062723c751e8b465ee728b)  -> (artifact id: 'b961b13a9ff21db5bf88f35d25a2a0e5') in 0.023896 seconds
  Import took 0.027487 seconds .

========================================================================
Received Import Request.
  Time since last request: 0.000223 seconds.
  path: Assets/Pixel Cursors/Cursors/basic_01 PURPLE.png
  artifactKey: Guid(b017dfab3916c1342b99c499d7ab500b) Importer(815301076,1909f56bfc062723c751e8b465ee728b)
Start importing Assets/Pixel Cursors/Cursors/basic_01 PURPLE.png using Guid(b017dfab3916c1342b99c499d7ab500b) Importer(815301076,1909f56bfc062723c751e8b465ee728b)  -> (artifact id: '6d210ed5d96d9a02b8dbeaa61d444282') in 0.022688 seconds
  Import took 0.026592 seconds .

========================================================================
Received Import Request.
  Time since last request: 0.000224 seconds.
  path: Assets/Pixel Cursors/Cursors/Bonus_17.png
  artifactKey: Guid(fee23eb8e5d9ba84ab01910b874b4b30) Importer(815301076,1909f56bfc062723c751e8b465ee728b)
Start importing Assets/Pixel Cursors/Cursors/Bonus_17.png using Guid(fee23eb8e5d9ba84ab01910b874b4b30) Importer(815301076,1909f56bfc062723c751e8b465ee728b)  -> (artifact id: '4278f2d30577fd36a1e29ed14eccf903') in 0.022538 seconds
  Import took 0.025962 seconds .

========================================================================
Received Import Request.
  Time since last request: 0.000316 seconds.
  path: Assets/Pixel Cursors/Cursors/Bonus_27.png
  artifactKey: Guid(f1139c6b43e054f46abe94de0f4aee15) Importer(815301076,1909f56bfc062723c751e8b465ee728b)
Start importing Assets/Pixel Cursors/Cursors/Bonus_27.png using Guid(f1139c6b43e054f46abe94de0f4aee15) Importer(815301076,1909f56bfc062723c751e8b465ee728b)  -> (artifact id: '7322743f0cb339e5861e42a33ba29281') in 0.025600 seconds
  Import took 0.029218 seconds .

========================================================================
Received Import Request.
  Time since last request: 0.000201 seconds.
  path: Assets/Pixel Cursors/Cursors/Bonus_45.png
  artifactKey: Guid(96d4bfdb0d6d8c042bf8fccf6524d239) Importer(815301076,1909f56bfc062723c751e8b465ee728b)
Start importing Assets/Pixel Cursors/Cursors/Bonus_45.png using Guid(96d4bfdb0d6d8c042bf8fccf6524d239) Importer(815301076,1909f56bfc062723c751e8b465ee728b)  -> (artifact id: '876300f36775714a57ab3774a4e83d36') in 0.024932 seconds
  Import took 0.028838 seconds .

========================================================================
Received Import Request.
  Time since last request: 0.000242 seconds.
  path: Assets/Pixel Cursors/Cursors/Bonus_47.png
  artifactKey: Guid(8859fce41c5d0a148ad0b7eebfca7fe9) Importer(815301076,1909f56bfc062723c751e8b465ee728b)
Start importing Assets/Pixel Cursors/Cursors/Bonus_47.png using Guid(8859fce41c5d0a148ad0b7eebfca7fe9) Importer(815301076,1909f56bfc062723c751e8b465ee728b)  -> (artifact id: 'd7f6a3499833f9c64e53c44fe098d4bb') in 0.035137 seconds
  Import took 0.038645 seconds .

========================================================================
Received Import Request.
  Time since last request: 0.000184 seconds.
  path: Assets/Pixel Cursors/Cursors/Bonus_31.png
  artifactKey: Guid(7f6c6fdab50f1054c9820b737360db07) Importer(815301076,1909f56bfc062723c751e8b465ee728b)
Start importing Assets/Pixel Cursors/Cursors/Bonus_31.png using Guid(7f6c6fdab50f1054c9820b737360db07) Importer(815301076,1909f56bfc062723c751e8b465ee728b)  -> (artifact id: 'ad3484f80ffdf6b15527facbda949211') in 0.038268 seconds
  Import took 0.042058 seconds .

========================================================================
Received Import Request.
  Time since last request: 0.000181 seconds.
  path: Assets/Pixel Cursors/Cursors/Bonus_35.png
  artifactKey: Guid(9ee5febc9c797aa45a8619f4542d6eee) Importer(815301076,1909f56bfc062723c751e8b465ee728b)
Start importing Assets/Pixel Cursors/Cursors/Bonus_35.png using Guid(9ee5febc9c797aa45a8619f4542d6eee) Importer(815301076,1909f56bfc062723c751e8b465ee728b)  -> (artifact id: '4e67e7db1b6e4a523e111c833d010583') in 0.025542 seconds
  Import took 0.031759 seconds .

========================================================================
Received Import Request.
  Time since last request: 0.000189 seconds.
  path: Assets/Pixel Cursors/Cursors/basic_01.png
  artifactKey: Guid(2e71a8202d3b4a3448ec85ced5a40265) Importer(815301076,1909f56bfc062723c751e8b465ee728b)
Start importing Assets/Pixel Cursors/Cursors/basic_01.png using Guid(2e71a8202d3b4a3448ec85ced5a40265) Importer(815301076,1909f56bfc062723c751e8b465ee728b)  -> (artifact id: '210f7e2a60868c2b937fbc19bb280fe3') in 0.104014 seconds
  Import took 0.107826 seconds .

========================================================================
Received Import Request.
  Time since last request: 0.000188 seconds.
  path: Assets/Pixel Cursors/Cursors/Bonus_16.png
  artifactKey: Guid(45d8aea3ad483cf4fb21e75f90f795d9) Importer(815301076,1909f56bfc062723c751e8b465ee728b)
Start importing Assets/Pixel Cursors/Cursors/Bonus_16.png using Guid(45d8aea3ad483cf4fb21e75f90f795d9) Importer(815301076,1909f56bfc062723c751e8b465ee728b)  -> (artifact id: 'c12de580bf4e76a558c7cd465325f2f2') in 0.021481 seconds
  Import took 0.025181 seconds .

========================================================================
Received Import Request.
  Time since last request: 0.000180 seconds.
  path: Assets/Pixel Cursors/Cursors/Bonus_08.png
  artifactKey: Guid(1051f212ef1e8ef4b9af98a1c1a76492) Importer(815301076,1909f56bfc062723c751e8b465ee728b)
Start importing Assets/Pixel Cursors/Cursors/Bonus_08.png using Guid(1051f212ef1e8ef4b9af98a1c1a76492) Importer(815301076,1909f56bfc062723c751e8b465ee728b)  -> (artifact id: '405ec23bac21b9be7636af9e6faa192f') in 0.026311 seconds
  Import took 0.030866 seconds .

========================================================================
Received Import Request.
  Time since last request: 0.000185 seconds.
  path: Assets/Pixel Cursors/Cursors/Bonus_33.png
  artifactKey: Guid(2d275651a7c7744468bd20d1d6924a2a) Importer(815301076,1909f56bfc062723c751e8b465ee728b)
Start importing Assets/Pixel Cursors/Cursors/Bonus_33.png using Guid(2d275651a7c7744468bd20d1d6924a2a) Importer(815301076,1909f56bfc062723c751e8b465ee728b)  -> (artifact id: '153c03012e1d7fb2643f2f9b7e97ac65') in 0.021761 seconds
  Import took 0.025604 seconds .

========================================================================
Received Import Request.
  Time since last request: 0.000164 seconds.
  path: Assets/Pixel Cursors/Cursors/Bonus_24.png
  artifactKey: Guid(4c1d62d9215a73a4b933db561be30e7b) Importer(815301076,1909f56bfc062723c751e8b465ee728b)
Start importing Assets/Pixel Cursors/Cursors/Bonus_24.png using Guid(4c1d62d9215a73a4b933db561be30e7b) Importer(815301076,1909f56bfc062723c751e8b465ee728b)  -> (artifact id: 'd6baab71e53bd0f99e4b49365cf7e884') in 0.021302 seconds
  Import took 0.024618 seconds .

========================================================================
Received Import Request.
  Time since last request: 0.000099 seconds.
  path: Assets/Pixel Cursors/Cursors/Bonus_32.png
  artifactKey: Guid(2b561569485d156429a42f8b103c2037) Importer(815301076,1909f56bfc062723c751e8b465ee728b)
Start importing Assets/Pixel Cursors/Cursors/Bonus_32.png using Guid(2b561569485d156429a42f8b103c2037) Importer(815301076,1909f56bfc062723c751e8b465ee728b)  -> (artifact id: '921821383c1dc3124330713cde858188') in 0.036431 seconds
  Import took 0.040524 seconds .

========================================================================
Received Import Request.
  Time since last request: 0.000171 seconds.
  path: Assets/Pixel Cursors/Cursors/Bonus_49.png
  artifactKey: Guid(cecad95c851b97f40b105b30b0bfede3) Importer(815301076,1909f56bfc062723c751e8b465ee728b)
Start importing Assets/Pixel Cursors/Cursors/Bonus_49.png using Guid(cecad95c851b97f40b105b30b0bfede3) Importer(815301076,1909f56bfc062723c751e8b465ee728b)  -> (artifact id: 'd343279ebb7e1c23a11e108cd5ca102c') in 0.076126 seconds
  Import took 0.079401 seconds .

========================================================================
Received Import Request.
  Time since last request: 0.000166 seconds.
  path: Assets/Pixel Cursors/Cursors/Bonus_20.png
  artifactKey: Guid(89f40d0702ab04b4eaa85fc24b20959b) Importer(815301076,1909f56bfc062723c751e8b465ee728b)
Start importing Assets/Pixel Cursors/Cursors/Bonus_20.png using Guid(89f40d0702ab04b4eaa85fc24b20959b) Importer(815301076,1909f56bfc062723c751e8b465ee728b)  -> (artifact id: '1c899875774ee5cc1963a66f4b3279b0') in 0.021523 seconds
  Import took 0.024950 seconds .

========================================================================
Received Import Request.
  Time since last request: 0.000261 seconds.
  path: Assets/Pixel Cursors/Cursors/Bonus_36.png
  artifactKey: Guid(a895910e9f6e6844b889cbe885aadd44) Importer(815301076,1909f56bfc062723c751e8b465ee728b)
Start importing Assets/Pixel Cursors/Cursors/Bonus_36.png using Guid(a895910e9f6e6844b889cbe885aadd44) Importer(815301076,1909f56bfc062723c751e8b465ee728b)  -> (artifact id: 'b33ed889d5b9398cdc68c6baad4075a1') in 0.023897 seconds
  Import took 0.027420 seconds .

========================================================================
Received Import Request.
  Time since last request: 0.000264 seconds.
  path: Assets/Pixel Cursors/Cursors/Bonus_05.png
  artifactKey: Guid(3451779baa5804d40bf1e952eb56a81a) Importer(815301076,1909f56bfc062723c751e8b465ee728b)
Start importing Assets/Pixel Cursors/Cursors/Bonus_05.png using Guid(3451779baa5804d40bf1e952eb56a81a) Importer(815301076,1909f56bfc062723c751e8b465ee728b)  -> (artifact id: '0fb44c8860b2f5d8b7c3c62e9510fed7') in 0.022715 seconds
  Import took 0.026818 seconds .

========================================================================
Received Import Request.
  Time since last request: 0.000179 seconds.
  path: Assets/Pixel Cursors/Cursors/Bonus_11.png
  artifactKey: Guid(1404db4e34954e44aae5a8befd19ce76) Importer(815301076,1909f56bfc062723c751e8b465ee728b)
Start importing Assets/Pixel Cursors/Cursors/Bonus_11.png using Guid(1404db4e34954e44aae5a8befd19ce76) Importer(815301076,1909f56bfc062723c751e8b465ee728b)  -> (artifact id: 'dbec7fe52f2181ed643f1b130bed454a') in 0.020036 seconds
  Import took 0.023866 seconds .

========================================================================
Received Import Request.
  Time since last request: 0.000356 seconds.
  path: Assets/Pixel Cursors/Cursors/Bonus_18.png
  artifactKey: Guid(ce721f19cdaf0c94aa847c79afb72708) Importer(815301076,1909f56bfc062723c751e8b465ee728b)
Start importing Assets/Pixel Cursors/Cursors/Bonus_18.png using Guid(ce721f19cdaf0c94aa847c79afb72708) Importer(815301076,1909f56bfc062723c751e8b465ee728b)  -> (artifact id: '1d9e5409c8548b619f2785cdb91034f5') in 0.021232 seconds
  Import took 0.024684 seconds .

========================================================================
Received Import Request.
  Time since last request: 0.000225 seconds.
  path: Assets/Pixel Cursors/Cursors/Bonus_48.png
  artifactKey: Guid(1e1ecf843f705b34ab304dff88b037c1) Importer(815301076,1909f56bfc062723c751e8b465ee728b)
Start importing Assets/Pixel Cursors/Cursors/Bonus_48.png using Guid(1e1ecf843f705b34ab304dff88b037c1) Importer(815301076,1909f56bfc062723c751e8b465ee728b)  -> (artifact id: '0fac09cd0932e9dae9af7455096bc0b4') in 0.022780 seconds
  Import took 0.026426 seconds .

========================================================================
Received Import Request.
  Time since last request: 0.000175 seconds.
  path: Assets/Pixel Cursors/Cursors/Bonus_40.png
  artifactKey: Guid(71c06df75eee7124f8ab8e39ce242adc) Importer(815301076,1909f56bfc062723c751e8b465ee728b)
Start importing Assets/Pixel Cursors/Cursors/Bonus_40.png using Guid(71c06df75eee7124f8ab8e39ce242adc) Importer(815301076,1909f56bfc062723c751e8b465ee728b)  -> (artifact id: '7f371ddaaa443252eb6cabb457484e64') in 0.019946 seconds
  Import took 0.023498 seconds .

========================================================================
Received Import Request.
  Time since last request: 0.000243 seconds.
  path: Assets/Pixel Cursors/Cursors/basic_01 GREEN.png
  artifactKey: Guid(8ea795c067613354898068091ffc7130) Importer(815301076,1909f56bfc062723c751e8b465ee728b)
Start importing Assets/Pixel Cursors/Cursors/basic_01 GREEN.png using Guid(8ea795c067613354898068091ffc7130) Importer(815301076,1909f56bfc062723c751e8b465ee728b)  -> (artifact id: '0f6ac9a486ab7740945297bfa363edbe') in 0.029732 seconds
  Import took 0.033107 seconds .

========================================================================
Received Import Request.
  Time since last request: 0.000176 seconds.
  path: Assets/Pixel Cursors/Cursors/Bonus_28.png
  artifactKey: Guid(a2e17fe4fd24da348aa43901f817958f) Importer(815301076,1909f56bfc062723c751e8b465ee728b)
Start importing Assets/Pixel Cursors/Cursors/Bonus_28.png using Guid(a2e17fe4fd24da348aa43901f817958f) Importer(815301076,1909f56bfc062723c751e8b465ee728b)  -> (artifact id: '3316ec593da0f92d30bcda43379d2792') in 0.085836 seconds
  Import took 0.089035 seconds .

========================================================================
Received Import Request.
  Time since last request: 0.000293 seconds.
  path: Assets/Pixel Cursors/Cursors/Bonus_37.png
  artifactKey: Guid(68ac2028e997ffa488c976b2736e2da1) Importer(815301076,1909f56bfc062723c751e8b465ee728b)
Start importing Assets/Pixel Cursors/Cursors/Bonus_37.png using Guid(68ac2028e997ffa488c976b2736e2da1) Importer(815301076,1909f56bfc062723c751e8b465ee728b)  -> (artifact id: 'b449d598d472f78e81c360d52b5781ec') in 0.021150 seconds
  Import took 0.024391 seconds .

========================================================================
Received Import Request.
  Time since last request: 0.000323 seconds.
  path: Assets/Pixel Cursors/Cursors/Bonus_01.png
  artifactKey: Guid(b23a0084fea403945a302e12cc707439) Importer(815301076,1909f56bfc062723c751e8b465ee728b)
Start importing Assets/Pixel Cursors/Cursors/Bonus_01.png using Guid(b23a0084fea403945a302e12cc707439) Importer(815301076,1909f56bfc062723c751e8b465ee728b)  -> (artifact id: 'a0eefcfa1d40208f6d52835282a42bff') in 0.022689 seconds
  Import took 0.026777 seconds .

========================================================================
Received Import Request.
  Time since last request: 0.000322 seconds.
  path: Assets/Pixel Cursors/Cursors/Bonus_03.png
  artifactKey: Guid(f2e59480af813ad42af2eba175095158) Importer(815301076,1909f56bfc062723c751e8b465ee728b)
Start importing Assets/Pixel Cursors/Cursors/Bonus_03.png using Guid(f2e59480af813ad42af2eba175095158) Importer(815301076,1909f56bfc062723c751e8b465ee728b)  -> (artifact id: '192e79296a0cf90769a59454d10c70e1') in 0.030113 seconds
  Import took 0.033833 seconds .

========================================================================
Received Import Request.
  Time since last request: 0.000196 seconds.
  path: Assets/Pixel Cursors/Cursors/Bonus_09.png
  artifactKey: Guid(aabf699d32f0ce349920801e3ef898f0) Importer(815301076,1909f56bfc062723c751e8b465ee728b)
Start importing Assets/Pixel Cursors/Cursors/Bonus_09.png using Guid(aabf699d32f0ce349920801e3ef898f0) Importer(815301076,1909f56bfc062723c751e8b465ee728b)  -> (artifact id: '737cf0d31d3e19f3de7bb0ec6e451d55') in 0.020535 seconds
  Import took 0.023664 seconds .

========================================================================
Received Import Request.
  Time since last request: 0.000184 seconds.
  path: Assets/Pixel Cursors/Cursors/Bonus_02.png
  artifactKey: Guid(0230513a91d07d949958e664ab2a6cb8) Importer(815301076,1909f56bfc062723c751e8b465ee728b)
Start importing Assets/Pixel Cursors/Cursors/Bonus_02.png using Guid(0230513a91d07d949958e664ab2a6cb8) Importer(815301076,1909f56bfc062723c751e8b465ee728b)  -> (artifact id: 'b0a410c441de46f9d723cd7be0c4c523') in 0.046913 seconds
  Import took 0.050572 seconds .

AssetImportWorkerClient::OnTransportError - code=2 error=End of file
