Using pre-set license
Built from '2020.3/staging' branch; Version is '2020.3.0f1 (c7b5465681fb) revision 13088070'; Using compiler version '192528614'; Build Type 'Release'
OS: 'Windows 10 Home; OS build 19041.423; Version 2004; 64bit' Language: 'en' Physical Memory: 16253 MB
BatchMode: 1, IsHumanControllingUs: 0, StartBugReporterOnCrash: 0, Is64bit: 1, IsPro: 0

 COMMAND LINE ARGUMENTS:
C:\Program Files\Unity\Hub\Editor\2020.3.0f1\Editor\Unity.exe
-adb2
-batchMode
-noUpm
-name
AssetImportWorker0
-projectPath
C:/Users/alana/Documents/GitHub/Scape_to_Space/ScapeToSpace
-logFile
Logs/AssetImportWorker0.log
-srvPort
60627
Successfully changed project path to: C:/Users/alana/Documents/GitHub/Scape_to_Space/ScapeToSpace
C:/Users/alana/Documents/GitHub/Scape_to_Space/ScapeToSpace
Using Asset Import Pipeline V2.
Refreshing native plugins compatible for Editor in 37.80 ms, found 1 plugins.
Preloading 0 native plugins for Editor in 0.00 ms.
Initialize engine version: 2020.3.0f1 (c7b5465681fb)
[Subsystems] Discovering subsystems at path C:/Program Files/Unity/Hub/Editor/2020.3.0f1/Editor/Data/Resources/UnitySubsystems
[Subsystems] Discovering subsystems at path C:/Users/alana/Documents/GitHub/Scape_to_Space/ScapeToSpace/Assets
GfxDevice: creating device client; threaded=0
Direct3D:
    Version:  Direct3D 11.0 [level 11.1]
    Renderer: NVIDIA GeForce GTX 1660 Ti (ID=0x2191)
    Vendor:   
    VRAM:     5991 MB
    Driver:   27.21.14.5256
Initialize mono
Mono path[0] = 'C:/Program Files/Unity/Hub/Editor/2020.3.0f1/Editor/Data/Managed'
Mono path[1] = 'C:/Program Files/Unity/Hub/Editor/2020.3.0f1/Editor/Data/MonoBleedingEdge/lib/mono/unityjit'
Mono config path = 'C:/Program Files/Unity/Hub/Editor/2020.3.0f1/Editor/Data/MonoBleedingEdge/etc'
Using monoOptions --debugger-agent=transport=dt_socket,embedding=1,server=y,suspend=n,address=127.0.0.1:56692
Begin MonoManager ReloadAssembly
Registering precompiled unity dll's ...
Register platform support module: C:/Program Files/Unity/Hub/Editor/2020.3.0f1/Editor/Data/PlaybackEngines/WindowsStandaloneSupport/UnityEditor.WindowsStandalone.Extensions.dll
Registered in 0.002627 seconds.
Native extension for WindowsStandalone target not found
Refreshing native plugins compatible for Editor in 35.98 ms, found 1 plugins.
Preloading 0 native plugins for Editor in 0.00 ms.
Invoked RoslynAnalysisRunner static constructor.
RoslynAnalysisRunner will not be running.
RoslynAnalysisRunner has terminated.
Mono: successfully reloaded assembly
- Completed reload, in  1.185 seconds
Platform modules already initialized, skipping
Registering precompiled user dll's ...
Registered in 0.001397 seconds.
Begin MonoManager ReloadAssembly
Native extension for WindowsStandalone target not found
Refreshing native plugins compatible for Editor in 39.22 ms, found 1 plugins.
Preloading 0 native plugins for Editor in 0.00 ms.
Invoked RoslynAnalysisRunner static constructor.
RoslynAnalysisRunner will not be running.
RoslynAnalysisRunner has terminated.
Mono: successfully reloaded assembly
- Completed reload, in  0.893 seconds
Platform modules already initialized, skipping
========================================================================
Worker process is ready to serve import requests
Launched and connected shader compiler UnityShaderCompiler.exe after 0.06 seconds
Refreshing native plugins compatible for Editor in 0.40 ms, found 1 plugins.
Preloading 0 native plugins for Editor in 0.00 ms.
Unloading 1829 Unused Serialized files (Serialized files now loaded: 0)
System memory in use before: 87.2 MB.
System memory in use after: 87.2 MB.

Unloading 24 unused Assets to reduce memory usage. Loaded Objects now: 2274.
Total: 2.465200 ms (FindLiveObjects: 0.208900 ms CreateObjectMapping: 0.054300 ms MarkObjects: 2.065900 ms  DeleteObjects: 0.134100 ms)

========================================================================
Received Import Request.
  path: Assets/Scenes/Lvl3.unity
  artifactKey: Guid(cd4f5cc314d06ad4994fb3e82958279a) Importer(815301076,1909f56bfc062723c751e8b465ee728b)
Start importing Assets/Scenes/Lvl3.unity using Guid(cd4f5cc314d06ad4994fb3e82958279a) Importer(815301076,1909f56bfc062723c751e8b465ee728b)  -> (artifact id: 'c1ff7a70bd0222dd71ab308a50b3104f') in 0.011587 seconds
  Import took 0.014599 seconds .

========================================================================
Received Import Request.
  Time since last request: 266.041353 seconds.
  path: Assets/Scenes/Lvl3.jpg
  artifactKey: Guid(990f8aa75a48cb44a97654837191e109) Importer(815301076,1909f56bfc062723c751e8b465ee728b)
Start importing Assets/Scenes/Lvl3.jpg using Guid(990f8aa75a48cb44a97654837191e109) Importer(815301076,1909f56bfc062723c751e8b465ee728b)  -> (artifact id: '8c9d1cfb705998979ff88282b5e6c8eb') in 0.086496 seconds
  Import took 0.089767 seconds .

========================================================================
Received Import Request.
  Time since last request: 385.196232 seconds.
  path: Assets/Images/mountain.png
  artifactKey: Guid(7189e81600428664f89f5e79060d8e17) Importer(815301076,1909f56bfc062723c751e8b465ee728b)
Start importing Assets/Images/mountain.png using Guid(7189e81600428664f89f5e79060d8e17) Importer(815301076,1909f56bfc062723c751e8b465ee728b)  -> (artifact id: 'a68132f5dea6cc4e9b2d976a18f44fa9') in 0.021031 seconds
  Import took 0.023861 seconds .

========================================================================
Received Import Request.
  Time since last request: 164.255309 seconds.
  path: Assets/Images/computer.png
  artifactKey: Guid(1b3275a5bf17b7448a6b15b2054896fb) Importer(815301076,1909f56bfc062723c751e8b465ee728b)
Start importing Assets/Images/computer.png using Guid(1b3275a5bf17b7448a6b15b2054896fb) Importer(815301076,1909f56bfc062723c751e8b465ee728b)  -> (artifact id: 'acf23c57fd8f939d962016383c56bf17') in 0.021250 seconds
  Import took 0.024787 seconds .

========================================================================
Received Import Request.
  Time since last request: 347.336165 seconds.
  path: Assets/Images/spaceship.png
  artifactKey: Guid(cb84d1683905aa34da53df449332af04) Importer(815301076,1909f56bfc062723c751e8b465ee728b)
Start importing Assets/Images/spaceship.png using Guid(cb84d1683905aa34da53df449332af04) Importer(815301076,1909f56bfc062723c751e8b465ee728b)  -> (artifact id: 'f6a80bca3bea9e74f7e505cf6ac6ed55') in 0.012239 seconds
  Import took 0.015266 seconds .

========================================================================
Received Import Request.
  Time since last request: 1155.545979 seconds.
  path: Assets/Images/mineral.png
  artifactKey: Guid(7423de6399893984890d2b5a7a432a21) Importer(815301076,1909f56bfc062723c751e8b465ee728b)
Start importing Assets/Images/mineral.png using Guid(7423de6399893984890d2b5a7a432a21) Importer(815301076,1909f56bfc062723c751e8b465ee728b)  -> (artifact id: '3e04da1d9059589cb8766dbcd5b9550a') in 0.022966 seconds
  Import took 0.027039 seconds .

========================================================================
Received Import Request.
  Time since last request: 131.333271 seconds.
  path: Assets/Images/spaceman.png
  artifactKey: Guid(08a81d67b3c9c174d84e386ff7d4f1fe) Importer(815301076,1909f56bfc062723c751e8b465ee728b)
Start importing Assets/Images/spaceman.png using Guid(08a81d67b3c9c174d84e386ff7d4f1fe) Importer(815301076,1909f56bfc062723c751e8b465ee728b)  -> (artifact id: 'cda619f4f1e46625cf4857aae0b8104b') in 0.016973 seconds
  Import took 0.020540 seconds .

========================================================================
Received Import Request.
  Time since last request: 111.884301 seconds.
  path: Assets/Scenes/Lvl3.unity
  artifactKey: Guid(cd4f5cc314d06ad4994fb3e82958279a) Importer(815301076,1909f56bfc062723c751e8b465ee728b)
Start importing Assets/Scenes/Lvl3.unity using Guid(cd4f5cc314d06ad4994fb3e82958279a) Importer(815301076,1909f56bfc062723c751e8b465ee728b)  -> (artifact id: '8a91a7e73083454b8940de215915d603') in 0.003949 seconds
  Import took 0.006983 seconds .

========================================================================
Received Import Request.
  Time since last request: 494.954230 seconds.
  path: Assets/Scenes/Lvl3Q1.unity
  artifactKey: Guid(838c5035e9c187d4c8c1a3b56d5f9ce1) Importer(815301076,1909f56bfc062723c751e8b465ee728b)
Start importing Assets/Scenes/Lvl3Q1.unity using Guid(838c5035e9c187d4c8c1a3b56d5f9ce1) Importer(815301076,1909f56bfc062723c751e8b465ee728b)  -> (artifact id: '9fe613e9d1a21d102b1f82bcb8812a51') in 0.003950 seconds
  Import took 0.007367 seconds .

========================================================================
Received Import Request.
  Time since last request: 15.034923 seconds.
  path: Assets/Scenes/Lvl3.unity
  artifactKey: Guid(cd4f5cc314d06ad4994fb3e82958279a) Importer(815301076,1909f56bfc062723c751e8b465ee728b)
Start importing Assets/Scenes/Lvl3.unity using Guid(cd4f5cc314d06ad4994fb3e82958279a) Importer(815301076,1909f56bfc062723c751e8b465ee728b)  -> (artifact id: '5d137fc03ec05ac1f81580cab4cf53de') in 0.004003 seconds
  Import took 0.007288 seconds .

========================================================================
Received Import Request.
  Time since last request: 464.250426 seconds.
  path: Assets/Scenes/Lvl3Q2.unity
  artifactKey: Guid(015ee09afee265345ad3a310bb40bb09) Importer(815301076,1909f56bfc062723c751e8b465ee728b)
Start importing Assets/Scenes/Lvl3Q2.unity using Guid(015ee09afee265345ad3a310bb40bb09) Importer(815301076,1909f56bfc062723c751e8b465ee728b)  -> (artifact id: 'dc03cd7fd9f846c50ede862e7b43e769') in 0.004054 seconds
  Import took 0.007201 seconds .

========================================================================
Received Import Request.
  Time since last request: 34.708340 seconds.
  path: Assets/Scenes/Lvl3.unity
  artifactKey: Guid(cd4f5cc314d06ad4994fb3e82958279a) Importer(815301076,1909f56bfc062723c751e8b465ee728b)
Start importing Assets/Scenes/Lvl3.unity using Guid(cd4f5cc314d06ad4994fb3e82958279a) Importer(815301076,1909f56bfc062723c751e8b465ee728b)  -> (artifact id: '9813d5d794327b54fa32cd868f9c3b5c') in 0.003960 seconds
  Import took 0.007122 seconds .

========================================================================
Received Import Request.
  Time since last request: 15.638237 seconds.
  path: Assets/Scenes/Lvl3Q1.unity
  artifactKey: Guid(838c5035e9c187d4c8c1a3b56d5f9ce1) Importer(815301076,1909f56bfc062723c751e8b465ee728b)
Start importing Assets/Scenes/Lvl3Q1.unity using Guid(838c5035e9c187d4c8c1a3b56d5f9ce1) Importer(815301076,1909f56bfc062723c751e8b465ee728b)  -> (artifact id: '4c573b3ae7b40a3c04f43afcaa72e5b1') in 0.004348 seconds
  Import took 0.007643 seconds .

========================================================================
Received Import Request.
  Time since last request: 5.041809 seconds.
  path: Assets/Scenes/Lvl3Q2.unity
  artifactKey: Guid(015ee09afee265345ad3a310bb40bb09) Importer(815301076,1909f56bfc062723c751e8b465ee728b)
Start importing Assets/Scenes/Lvl3Q2.unity using Guid(015ee09afee265345ad3a310bb40bb09) Importer(815301076,1909f56bfc062723c751e8b465ee728b)  -> (artifact id: '5f93e2cc95b5b6d2937dcad0758606ab') in 0.003947 seconds
  Import took 0.006779 seconds .

========================================================================
Received Prepare
Registering precompiled user dll's ...
Registered in 0.001305 seconds.
Begin MonoManager ReloadAssembly
Native extension for WindowsStandalone target not found
Refreshing native plugins compatible for Editor in 0.40 ms, found 1 plugins.
Preloading 0 native plugins for Editor in 0.00 ms.
Invoked RoslynAnalysisRunner static constructor.
RoslynAnalysisRunner will not be running.
RoslynAnalysisRunner has terminated.
Mono: successfully reloaded assembly
- Completed reload, in  0.826 seconds
Platform modules already initialized, skipping
Refreshing native plugins compatible for Editor in 0.39 ms, found 1 plugins.
Preloading 0 native plugins for Editor in 0.00 ms.
Unloading 1811 Unused Serialized files (Serialized files now loaded: 0)
System memory in use before: 89.3 MB.
System memory in use after: 89.3 MB.

Unloading 12 unused Assets to reduce memory usage. Loaded Objects now: 2294.
Total: 3.329600 ms (FindLiveObjects: 0.460900 ms CreateObjectMapping: 0.097600 ms MarkObjects: 2.608300 ms  DeleteObjects: 0.160500 ms)

========================================================================
Received Prepare
Registering precompiled user dll's ...
Registered in 0.003967 seconds.
Begin MonoManager ReloadAssembly
Native extension for WindowsStandalone target not found
Refreshing native plugins compatible for Editor in 0.93 ms, found 1 plugins.
Preloading 0 native plugins for Editor in 0.00 ms.
Invoked RoslynAnalysisRunner static constructor.
RoslynAnalysisRunner will not be running.
RoslynAnalysisRunner has terminated.
Mono: successfully reloaded assembly
- Completed reload, in  2.010 seconds
Platform modules already initialized, skipping
Refreshing native plugins compatible for Editor in 0.49 ms, found 1 plugins.
Preloading 0 native plugins for Editor in 0.00 ms.
Unloading 1811 Unused Serialized files (Serialized files now loaded: 0)
System memory in use before: 89.3 MB.
System memory in use after: 89.3 MB.

Unloading 12 unused Assets to reduce memory usage. Loaded Objects now: 2298.
Total: 3.027200 ms (FindLiveObjects: 0.399800 ms CreateObjectMapping: 0.120600 ms MarkObjects: 2.364000 ms  DeleteObjects: 0.140800 ms)

========================================================================
Received Prepare
Registering precompiled user dll's ...
Registered in 0.002604 seconds.
Begin MonoManager ReloadAssembly
Native extension for WindowsStandalone target not found
Refreshing native plugins compatible for Editor in 1.38 ms, found 1 plugins.
Preloading 0 native plugins for Editor in 0.00 ms.
Invoked RoslynAnalysisRunner static constructor.
RoslynAnalysisRunner will not be running.
RoslynAnalysisRunner has terminated.
Mono: successfully reloaded assembly
- Completed reload, in  1.955 seconds
Platform modules already initialized, skipping
Refreshing native plugins compatible for Editor in 0.50 ms, found 1 plugins.
Preloading 0 native plugins for Editor in 0.00 ms.
Unloading 1811 Unused Serialized files (Serialized files now loaded: 0)
System memory in use before: 89.4 MB.
System memory in use after: 89.4 MB.

Unloading 12 unused Assets to reduce memory usage. Loaded Objects now: 2302.
Total: 5.201300 ms (FindLiveObjects: 0.474300 ms CreateObjectMapping: 0.096600 ms MarkObjects: 4.424000 ms  DeleteObjects: 0.203700 ms)

========================================================================
Received Prepare
Registering precompiled user dll's ...
Registered in 0.001879 seconds.
Begin MonoManager ReloadAssembly
Native extension for WindowsStandalone target not found
Refreshing native plugins compatible for Editor in 0.42 ms, found 1 plugins.
Preloading 0 native plugins for Editor in 0.00 ms.
Invoked RoslynAnalysisRunner static constructor.
RoslynAnalysisRunner will not be running.
RoslynAnalysisRunner has terminated.
Mono: successfully reloaded assembly
- Completed reload, in  1.083 seconds
Platform modules already initialized, skipping
Refreshing native plugins compatible for Editor in 0.70 ms, found 1 plugins.
Preloading 0 native plugins for Editor in 0.00 ms.
Unloading 1811 Unused Serialized files (Serialized files now loaded: 0)
System memory in use before: 89.4 MB.
System memory in use after: 89.4 MB.

Unloading 12 unused Assets to reduce memory usage. Loaded Objects now: 2306.
Total: 2.799500 ms (FindLiveObjects: 0.214000 ms CreateObjectMapping: 0.044700 ms MarkObjects: 2.416600 ms  DeleteObjects: 0.122800 ms)

========================================================================
Received Import Request.
  Time since last request: 5192.220297 seconds.
  path: Assets/FreeButtonSet/Cosmic Man.png
  artifactKey: Guid(dffa8fe520da74048b2f845e16a67556) Importer(815301076,1909f56bfc062723c751e8b465ee728b)
Start importing Assets/FreeButtonSet/Cosmic Man.png using Guid(dffa8fe520da74048b2f845e16a67556) Importer(815301076,1909f56bfc062723c751e8b465ee728b)  -> (artifact id: 'fc4ac65b4385247100a6c6cc842ad263') in 0.118495 seconds
  Import took 0.126470 seconds .

========================================================================
Received Import Request.
  Time since last request: 119.247968 seconds.
  path: Assets/Images/Cosmic Man.png
  artifactKey: Guid(40b57a5b1f5496d4dbfe056ef1c8e70c) Importer(815301076,1909f56bfc062723c751e8b465ee728b)
Start importing Assets/Images/Cosmic Man.png using Guid(40b57a5b1f5496d4dbfe056ef1c8e70c) Importer(815301076,1909f56bfc062723c751e8b465ee728b)  -> (artifact id: '5003c3c83cb9f20a9f55e67352129685') in 0.029425 seconds
  Import took 0.035012 seconds .

========================================================================
Received Import Request.
  Time since last request: 0.008557 seconds.
  path: Assets/Images/Cosmic Man.png
  artifactKey: Guid(40b57a5b1f5496d4dbfe056ef1c8e70c) Importer(815301076,1909f56bfc062723c751e8b465ee728b)
Start importing Assets/Images/Cosmic Man.png using Guid(40b57a5b1f5496d4dbfe056ef1c8e70c) Importer(815301076,1909f56bfc062723c751e8b465ee728b)  -> (artifact id: '5003c3c83cb9f20a9f55e67352129685') in 0.029011 seconds
  Import took 0.034583 seconds .

========================================================================
Received Import Request.
  Time since last request: 58.929818 seconds.
  path: Assets/Images/Cosmic Man.png
  artifactKey: Guid(40b57a5b1f5496d4dbfe056ef1c8e70c) Importer(815301076,1909f56bfc062723c751e8b465ee728b)
Start importing Assets/Images/Cosmic Man.png using Guid(40b57a5b1f5496d4dbfe056ef1c8e70c) Importer(815301076,1909f56bfc062723c751e8b465ee728b)  -> (artifact id: 'cdaeeb5ede97d09a87fbd8c152d8549a') in 0.017185 seconds
  Import took 0.022715 seconds .

========================================================================
Received Import Request.
  Time since last request: 0.001599 seconds.
  path: Assets/Images/Cosmic Man.png
  artifactKey: Guid(40b57a5b1f5496d4dbfe056ef1c8e70c) Importer(815301076,1909f56bfc062723c751e8b465ee728b)
Start importing Assets/Images/Cosmic Man.png using Guid(40b57a5b1f5496d4dbfe056ef1c8e70c) Importer(815301076,1909f56bfc062723c751e8b465ee728b)  -> (artifact id: 'cdaeeb5ede97d09a87fbd8c152d8549a') in 0.012547 seconds
  Import took 0.017169 seconds .

========================================================================
Received Import Request.
  Time since last request: 18.873949 seconds.
  path: Assets/Images/Cosmic Man.png
  artifactKey: Guid(40b57a5b1f5496d4dbfe056ef1c8e70c) Importer(815301076,1909f56bfc062723c751e8b465ee728b)
Start importing Assets/Images/Cosmic Man.png using Guid(40b57a5b1f5496d4dbfe056ef1c8e70c) Importer(815301076,1909f56bfc062723c751e8b465ee728b)  -> (artifact id: '571abbdb87a3a377d1aa6a98bed38691') in 0.146532 seconds
  Import took 0.150930 seconds .

========================================================================
Received Prepare
Registering precompiled user dll's ...
Registered in 0.001563 seconds.
Begin MonoManager ReloadAssembly
Native extension for WindowsStandalone target not found
Refreshing native plugins compatible for Editor in 0.40 ms, found 1 plugins.
Preloading 0 native plugins for Editor in 0.00 ms.
Invoked RoslynAnalysisRunner static constructor.
RoslynAnalysisRunner will not be running.
RoslynAnalysisRunner has terminated.
Mono: successfully reloaded assembly
- Completed reload, in  1.016 seconds
Platform modules already initialized, skipping
Refreshing native plugins compatible for Editor in 0.39 ms, found 1 plugins.
Preloading 0 native plugins for Editor in 0.00 ms.
Unloading 1815 Unused Serialized files (Serialized files now loaded: 0)
System memory in use before: 89.5 MB.
System memory in use after: 89.5 MB.

Unloading 12 unused Assets to reduce memory usage. Loaded Objects now: 2355.
Total: 2.781800 ms (FindLiveObjects: 0.269200 ms CreateObjectMapping: 0.045300 ms MarkObjects: 2.341000 ms  DeleteObjects: 0.125000 ms)

========================================================================
Received Import Request.
  Time since last request: 192.087219 seconds.
  path: Assets/CosmicMan/Sprites
  artifactKey: Guid(59f501d7f2f541f4f97d6429e8fa0790) Importer(815301076,1909f56bfc062723c751e8b465ee728b)
Start importing Assets/CosmicMan/Sprites using Guid(59f501d7f2f541f4f97d6429e8fa0790) Importer(815301076,1909f56bfc062723c751e8b465ee728b)  -> (artifact id: '76d0ccaa8e507d5db50122f78d473e25') in 0.008547 seconds
  Import took 0.012591 seconds .

========================================================================
Received Import Request.
  Time since last request: 0.009852 seconds.
  path: Assets/CosmicMan/Sprites
  artifactKey: Guid(59f501d7f2f541f4f97d6429e8fa0790) Importer(815301076,1909f56bfc062723c751e8b465ee728b)
Start importing Assets/CosmicMan/Sprites using Guid(59f501d7f2f541f4f97d6429e8fa0790) Importer(815301076,1909f56bfc062723c751e8b465ee728b)  -> (artifact id: '76d0ccaa8e507d5db50122f78d473e25') in 0.005639 seconds
  Import took 0.010231 seconds .

========================================================================
Received Import Request.
  Time since last request: 0.031954 seconds.
  path: Assets/CosmicMan/Sprites/Cosmic Man.png
  artifactKey: Guid(6f5c6e1922389384cb1736af0690439b) Importer(815301076,1909f56bfc062723c751e8b465ee728b)
Start importing Assets/CosmicMan/Sprites/Cosmic Man.png using Guid(6f5c6e1922389384cb1736af0690439b) Importer(815301076,1909f56bfc062723c751e8b465ee728b)  -> (artifact id: 'eb36c7ae8800ea668a60282f80be6dbc') in 0.156184 seconds
  Import took 0.162060 seconds .

========================================================================
Received Import Request.
  Time since last request: 0.000375 seconds.
  path: Assets/CosmicMan/Sprites/Movement KeyPad.png
  artifactKey: Guid(e969cd337b9783c40a7ba9ef581eaa81) Importer(815301076,1909f56bfc062723c751e8b465ee728b)
Start importing Assets/CosmicMan/Sprites/Movement KeyPad.png using Guid(e969cd337b9783c40a7ba9ef581eaa81) Importer(815301076,1909f56bfc062723c751e8b465ee728b)  -> (artifact id: 'e696a21d6adc507dc558e2b67fe36509') in 0.025350 seconds
  Import took 0.031604 seconds .

========================================================================
Received Import Request.
  Time since last request: 84.228033 seconds.
  path: Assets/CosmicMan/DemoPrefabs/BlackHole.prefab
  artifactKey: Guid(44656a7a45eb7b149ad359bbf5c8ed3f) Importer(815301076,1909f56bfc062723c751e8b465ee728b)
Start importing Assets/CosmicMan/DemoPrefabs/BlackHole.prefab using Guid(44656a7a45eb7b149ad359bbf5c8ed3f) Importer(815301076,1909f56bfc062723c751e8b465ee728b)  -> (artifact id: '99b5f821fa0712d82cc54269d55a13c3') in 0.096258 seconds
  Import took 0.100725 seconds .

========================================================================
Received Import Request.
  Time since last request: 0.000257 seconds.
  path: Assets/CosmicMan/DemoPrefabs/NoBounceMaterial.physicsMaterial2D
  artifactKey: Guid(8ca12c265e6a7ca40b687409b5322b9f) Importer(815301076,1909f56bfc062723c751e8b465ee728b)
Start importing Assets/CosmicMan/DemoPrefabs/NoBounceMaterial.physicsMaterial2D using Guid(8ca12c265e6a7ca40b687409b5322b9f) Importer(815301076,1909f56bfc062723c751e8b465ee728b)  -> (artifact id: 'feb1c01737217fefecc6ba566ba72bff') in 0.009228 seconds
  Import took 0.013584 seconds .

========================================================================
Received Import Request.
  Time since last request: 0.000373 seconds.
  path: Assets/CosmicMan/DemoPrefabs/Square.png
  artifactKey: Guid(4281cc7e88bf3294f97b18906321d605) Importer(815301076,1909f56bfc062723c751e8b465ee728b)
Start importing Assets/CosmicMan/DemoPrefabs/Square.png using Guid(4281cc7e88bf3294f97b18906321d605) Importer(815301076,1909f56bfc062723c751e8b465ee728b)  -> (artifact id: '670f01f087eb6d3dbe9036dfa27aa567') in 0.020535 seconds
  Import took 0.024773 seconds .

========================================================================
Received Import Request.
  Time since last request: 0.000315 seconds.
  path: Assets/CosmicMan/DemoPrefabs/Bullet.prefab
  artifactKey: Guid(4d48fdec0d0e79841bb2fa51d0748e1a) Importer(815301076,1909f56bfc062723c751e8b465ee728b)
Start importing Assets/CosmicMan/DemoPrefabs/Bullet.prefab using Guid(4d48fdec0d0e79841bb2fa51d0748e1a) Importer(815301076,1909f56bfc062723c751e8b465ee728b)  -> (artifact id: '1ad4365c50b01cc6acbc271a095a077d') in 0.018468 seconds
  Import took 0.023050 seconds .

========================================================================
Received Import Request.
  Time since last request: 3470.640607 seconds.
  path: Assets/Scenes/cohete buenardo.png
  artifactKey: Guid(567e8cf1e5b973f408a1615c067d471d) Importer(815301076,1909f56bfc062723c751e8b465ee728b)
Start importing Assets/Scenes/cohete buenardo.png using Guid(567e8cf1e5b973f408a1615c067d471d) Importer(815301076,1909f56bfc062723c751e8b465ee728b)  -> (artifact id: 'e1a55376ca6803f933de498e460dfb63') in 0.043062 seconds
  Import took 0.052232 seconds .

========================================================================
Received Import Request.
  Time since last request: 8.976396 seconds.
  path: Assets/Scenes/Lvl3.unity
  artifactKey: Guid(cd4f5cc314d06ad4994fb3e82958279a) Importer(815301076,1909f56bfc062723c751e8b465ee728b)
Start importing Assets/Scenes/Lvl3.unity using Guid(cd4f5cc314d06ad4994fb3e82958279a) Importer(815301076,1909f56bfc062723c751e8b465ee728b)  -> (artifact id: '63d81a76e3bce42333e042250e28f572') in 0.004950 seconds
  Import took 0.009410 seconds .

========================================================================
Received Import Request.
  Time since last request: 355.799342 seconds.
  path: Assets/Images/quest1-2.png
  artifactKey: Guid(c20e39bc577f53f4f9b6e4d3ea2034a8) Importer(815301076,1909f56bfc062723c751e8b465ee728b)
Start importing Assets/Images/quest1-2.png using Guid(c20e39bc577f53f4f9b6e4d3ea2034a8) Importer(815301076,1909f56bfc062723c751e8b465ee728b)  -> (artifact id: '0a8275516187e212200413297586bc3d') in 0.041140 seconds
  Import took 0.045591 seconds .

========================================================================
Received Import Request.
  Time since last request: 36.947891 seconds.
  path: Assets/Scenes/Lvl1Q2.unity
  artifactKey: Guid(4033221d286601448995900a26d6bf73) Importer(815301076,1909f56bfc062723c751e8b465ee728b)
Start importing Assets/Scenes/Lvl1Q2.unity using Guid(4033221d286601448995900a26d6bf73) Importer(815301076,1909f56bfc062723c751e8b465ee728b)  -> (artifact id: '5947b072c180173ff40aca1337b7ee9d') in 0.007361 seconds
  Import took 0.011951 seconds .

========================================================================
Received Prepare
Registering precompiled user dll's ...
Registered in 0.003804 seconds.
Begin MonoManager ReloadAssembly
Native extension for WindowsStandalone target not found
Refreshing native plugins compatible for Editor in 0.80 ms, found 1 plugins.
Preloading 0 native plugins for Editor in 0.00 ms.
Invoked RoslynAnalysisRunner static constructor.
RoslynAnalysisRunner will not be running.
RoslynAnalysisRunner has terminated.
Mono: successfully reloaded assembly
- Completed reload, in  2.247 seconds
Platform modules already initialized, skipping
Refreshing native plugins compatible for Editor in 0.94 ms, found 1 plugins.
Preloading 0 native plugins for Editor in 0.00 ms.
Unloading 1815 Unused Serialized files (Serialized files now loaded: 0)
System memory in use before: 89.7 MB.
System memory in use after: 89.7 MB.

Unloading 12 unused Assets to reduce memory usage. Loaded Objects now: 2371.
Total: 4.238500 ms (FindLiveObjects: 0.349400 ms CreateObjectMapping: 0.111500 ms MarkObjects: 3.549900 ms  DeleteObjects: 0.225100 ms)

========================================================================
Received Import Request.
  Time since last request: 607.437221 seconds.
  path: Assets/Scenes/Lvl1Q2.unity
  artifactKey: Guid(4033221d286601448995900a26d6bf73) Importer(815301076,1909f56bfc062723c751e8b465ee728b)
Start importing Assets/Scenes/Lvl1Q2.unity using Guid(4033221d286601448995900a26d6bf73) Importer(815301076,1909f56bfc062723c751e8b465ee728b)  -> (artifact id: '1cf8756d198a81b2be25c627c170ce68') in 0.030324 seconds
  Import took 0.037856 seconds .

========================================================================
Received Import Request.
  Time since last request: 817.558405 seconds.
  path: Assets/sprites/antena buena.png
  artifactKey: Guid(2c0e8b99bbbff154cafbe389531361ba) Importer(815301076,1909f56bfc062723c751e8b465ee728b)
Start importing Assets/sprites/antena buena.png using Guid(2c0e8b99bbbff154cafbe389531361ba) Importer(815301076,1909f56bfc062723c751e8b465ee728b)  -> (artifact id: '68099d4a534cf213a3285525dd81931f') in 0.041932 seconds
  Import took 0.045244 seconds .

========================================================================
Received Import Request.
  Time since last request: 0.000212 seconds.
  path: Assets/sprites/mesa.png
  artifactKey: Guid(95307080ccdfe90428cab760e3538c4e) Importer(815301076,1909f56bfc062723c751e8b465ee728b)
Start importing Assets/sprites/mesa.png using Guid(95307080ccdfe90428cab760e3538c4e) Importer(815301076,1909f56bfc062723c751e8b465ee728b)  -> (artifact id: '05735d796957bfaa48ec8afb4bb644e4') in 0.012806 seconds
  Import took 0.016018 seconds .

========================================================================
Received Import Request.
  Time since last request: 0.000244 seconds.
  path: Assets/sprites/pantalla de compu.png
  artifactKey: Guid(9221aa88dbc5df3438ad951fc8bf000d) Importer(815301076,1909f56bfc062723c751e8b465ee728b)
Start importing Assets/sprites/pantalla de compu.png using Guid(9221aa88dbc5df3438ad951fc8bf000d) Importer(815301076,1909f56bfc062723c751e8b465ee728b)  -> (artifact id: 'ae41b1b113fbabc3335e1765b936b728') in 0.011749 seconds
  Import took 0.014575 seconds .

========================================================================
Received Import Request.
  Time since last request: 0.000244 seconds.
  path: Assets/sprites/pared.png
  artifactKey: Guid(640cb7507691e6044a9346f8c8f8fd28) Importer(815301076,1909f56bfc062723c751e8b465ee728b)
Start importing Assets/sprites/pared.png using Guid(640cb7507691e6044a9346f8c8f8fd28) Importer(815301076,1909f56bfc062723c751e8b465ee728b)  -> (artifact id: 'c5a2fdec5e8bca0c4b0c395a8057d1f3') in 0.013620 seconds
  Import took 0.016369 seconds .

========================================================================
Received Import Request.
  Time since last request: 0.000194 seconds.
  path: Assets/sprites/computadoras.png
  artifactKey: Guid(d449beb9966427f499542293d8d0b4fc) Importer(815301076,1909f56bfc062723c751e8b465ee728b)
Start importing Assets/sprites/computadoras.png using Guid(d449beb9966427f499542293d8d0b4fc) Importer(815301076,1909f56bfc062723c751e8b465ee728b)  -> (artifact id: 'c866b42756fad25957a6c89bbf05627b') in 0.021629 seconds
  Import took 0.025315 seconds .

========================================================================
Received Import Request.
  Time since last request: 0.000368 seconds.
  path: Assets/sprites/lab 1.png
  artifactKey: Guid(df4089633f13f33408d7b1d469c9ee8a) Importer(815301076,1909f56bfc062723c751e8b465ee728b)
Start importing Assets/sprites/lab 1.png using Guid(df4089633f13f33408d7b1d469c9ee8a) Importer(815301076,1909f56bfc062723c751e8b465ee728b)  -> (artifact id: 'b7417d49d68967feeb78dac28c37ff4e') in 0.031468 seconds
  Import took 0.035533 seconds .

========================================================================
Received Import Request.
  Time since last request: 0.000200 seconds.
  path: Assets/sprites/mesa silla.png
  artifactKey: Guid(32bf98e1194547242bb6aab1d1007d87) Importer(815301076,1909f56bfc062723c751e8b465ee728b)
Start importing Assets/sprites/mesa silla.png using Guid(32bf98e1194547242bb6aab1d1007d87) Importer(815301076,1909f56bfc062723c751e8b465ee728b)  -> (artifact id: '678a8a8246563c83ab59ee573b406bca') in 0.012847 seconds
  Import took 0.015722 seconds .

========================================================================
Received Import Request.
  Time since last request: 0.000283 seconds.
  path: Assets/sprites/silla.png
  artifactKey: Guid(681d91f2bd7568a4884619f795b0ba72) Importer(815301076,1909f56bfc062723c751e8b465ee728b)
Start importing Assets/sprites/silla.png using Guid(681d91f2bd7568a4884619f795b0ba72) Importer(815301076,1909f56bfc062723c751e8b465ee728b)  -> (artifact id: '182ea470ec42eae3d0c9684055100793') in 0.040663 seconds
  Import took 0.045081 seconds .

========================================================================
Received Import Request.
  Time since last request: 0.000963 seconds.
  path: Assets/sprites/matraz.png
  artifactKey: Guid(9137226b5512fc44e9ae944f4242b922) Importer(815301076,1909f56bfc062723c751e8b465ee728b)
Start importing Assets/sprites/matraz.png using Guid(9137226b5512fc44e9ae944f4242b922) Importer(815301076,1909f56bfc062723c751e8b465ee728b)  -> (artifact id: '108ca7096a70515c9c41751ce49f943d') in 0.017416 seconds
  Import took 0.020775 seconds .

========================================================================
Received Import Request.
  Time since last request: 0.000312 seconds.
  path: Assets/sprites/gas station.png
  artifactKey: Guid(ab390b1dff58c5a4da69cc524f4c04f0) Importer(815301076,1909f56bfc062723c751e8b465ee728b)
Start importing Assets/sprites/gas station.png using Guid(ab390b1dff58c5a4da69cc524f4c04f0) Importer(815301076,1909f56bfc062723c751e8b465ee728b)  -> (artifact id: '9407e1b90259cbd564b68929aa8c37e7') in 0.014293 seconds
  Import took 0.017039 seconds .

========================================================================
Received Import Request.
  Time since last request: 0.000190 seconds.
  path: Assets/sprites/servers.png
  artifactKey: Guid(494a54cdce04ba14590d422fbafa5911) Importer(815301076,1909f56bfc062723c751e8b465ee728b)
Start importing Assets/sprites/servers.png using Guid(494a54cdce04ba14590d422fbafa5911) Importer(815301076,1909f56bfc062723c751e8b465ee728b)  -> (artifact id: 'd8eb0704b8a855bafa266629c431919c') in 0.016302 seconds
  Import took 0.019043 seconds .

========================================================================
Received Import Request.
  Time since last request: 0.000190 seconds.
  path: Assets/sprites/warning.png
  artifactKey: Guid(a1252fcca9b5d4d46a7c472c219bf2bf) Importer(815301076,1909f56bfc062723c751e8b465ee728b)
Start importing Assets/sprites/warning.png using Guid(a1252fcca9b5d4d46a7c472c219bf2bf) Importer(815301076,1909f56bfc062723c751e8b465ee728b)  -> (artifact id: '9cd86cb86c6396ec7603e7139c78a119') in 0.019325 seconds
  Import took 0.022897 seconds .

========================================================================
Received Import Request.
  Time since last request: 0.000199 seconds.
  path: Assets/sprites/bote de basura.png
  artifactKey: Guid(80fbfcdd52e9161489047f6192c102a8) Importer(815301076,1909f56bfc062723c751e8b465ee728b)
Start importing Assets/sprites/bote de basura.png using Guid(80fbfcdd52e9161489047f6192c102a8) Importer(815301076,1909f56bfc062723c751e8b465ee728b)  -> (artifact id: 'a9436bfa6b13546a2441f8e4c92173cf') in 0.045603 seconds
  Import took 0.048657 seconds .

========================================================================
Received Import Request.
  Time since last request: 0.000285 seconds.
  path: Assets/sprites/cohete 1.png
  artifactKey: Guid(3eedd8f7a271d494a91c0f3979c9b069) Importer(815301076,1909f56bfc062723c751e8b465ee728b)
Start importing Assets/sprites/cohete 1.png using Guid(3eedd8f7a271d494a91c0f3979c9b069) Importer(815301076,1909f56bfc062723c751e8b465ee728b)  -> (artifact id: '059d4e710928e0acbcbcaa4742c356ad') in 0.023695 seconds
  Import took 0.026770 seconds .

========================================================================
Received Import Request.
  Time since last request: 0.000231 seconds.
  path: Assets/sprites/antena.png
  artifactKey: Guid(9d767651b8750964194f9ee2fec552d3) Importer(815301076,1909f56bfc062723c751e8b465ee728b)
Start importing Assets/sprites/antena.png using Guid(9d767651b8750964194f9ee2fec552d3) Importer(815301076,1909f56bfc062723c751e8b465ee728b)  -> (artifact id: '605d1d095337ab04669237cb09d53829') in 0.038377 seconds
  Import took 0.043034 seconds .

========================================================================
Received Import Request.
  Time since last request: 0.000255 seconds.
  path: Assets/sprites/tubo de ensayo.png
  artifactKey: Guid(b10acfc6602b9514a81862d4d2baf529) Importer(815301076,1909f56bfc062723c751e8b465ee728b)
Start importing Assets/sprites/tubo de ensayo.png using Guid(b10acfc6602b9514a81862d4d2baf529) Importer(815301076,1909f56bfc062723c751e8b465ee728b)  -> (artifact id: '40d04a0306b1bdddff2d521689ae83f6') in 0.012817 seconds
  Import took 0.017654 seconds .

========================================================================
Received Import Request.
  Time since last request: 0.000294 seconds.
  path: Assets/sprites/tubo de ensayo 2.png
  artifactKey: Guid(ec24f11fd2ef605479ce80aeb94ec4e5) Importer(815301076,1909f56bfc062723c751e8b465ee728b)
Start importing Assets/sprites/tubo de ensayo 2.png using Guid(ec24f11fd2ef605479ce80aeb94ec4e5) Importer(815301076,1909f56bfc062723c751e8b465ee728b)  -> (artifact id: '395591a4031c5da15172eff7cd562b48') in 0.016226 seconds
  Import took 0.020116 seconds .

========================================================================
Received Import Request.
  Time since last request: 0.000249 seconds.
  path: Assets/sprites/mesas comedor.png
  artifactKey: Guid(e6419661d8e26ee4cb1ad30172511538) Importer(815301076,1909f56bfc062723c751e8b465ee728b)
Start importing Assets/sprites/mesas comedor.png using Guid(e6419661d8e26ee4cb1ad30172511538) Importer(815301076,1909f56bfc062723c751e8b465ee728b)  -> (artifact id: '7fa75dcb17dc92a9e86b844b72e2afcb') in 0.013942 seconds
  Import took 0.017173 seconds .

========================================================================
Received Import Request.
  Time since last request: 0.000213 seconds.
  path: Assets/sprites/cohete buenardo.png
  artifactKey: Guid(510df012d9061004a9c43eca8eb7bc4d) Importer(815301076,1909f56bfc062723c751e8b465ee728b)
Start importing Assets/sprites/cohete buenardo.png using Guid(510df012d9061004a9c43eca8eb7bc4d) Importer(815301076,1909f56bfc062723c751e8b465ee728b)  -> (artifact id: '09a76b3eaff9c2315ae5f1c40aed1782') in 0.017102 seconds
  Import took 0.021137 seconds .

========================================================================
Received Import Request.
  Time since last request: 0.000282 seconds.
  path: Assets/sprites/prueba pisos 2.png
  artifactKey: Guid(e93d5164276204b459e5d0a3435d3b6a) Importer(815301076,1909f56bfc062723c751e8b465ee728b)
Start importing Assets/sprites/prueba pisos 2.png using Guid(e93d5164276204b459e5d0a3435d3b6a) Importer(815301076,1909f56bfc062723c751e8b465ee728b)  -> (artifact id: '03b1059ac22cf5d75fe5de7d6560662a') in 0.102575 seconds
  Import took 0.106562 seconds .

========================================================================
Received Import Request.
  Time since last request: 0.000187 seconds.
  path: Assets/sprites/piso.png
  artifactKey: Guid(6cd0deca25661de4d8e8fd6019c136ac) Importer(815301076,1909f56bfc062723c751e8b465ee728b)
Start importing Assets/sprites/piso.png using Guid(6cd0deca25661de4d8e8fd6019c136ac) Importer(815301076,1909f56bfc062723c751e8b465ee728b)  -> (artifact id: '00c9627c1fe321fb556c03a8180ee92f') in 0.053752 seconds
  Import took 0.056754 seconds .

========================================================================
Received Import Request.
  Time since last request: 0.000341 seconds.
  path: Assets/sprites/cohete.png
  artifactKey: Guid(f4181234e0cdecb48bb25460325fb9d9) Importer(815301076,1909f56bfc062723c751e8b465ee728b)
Start importing Assets/sprites/cohete.png using Guid(f4181234e0cdecb48bb25460325fb9d9) Importer(815301076,1909f56bfc062723c751e8b465ee728b)  -> (artifact id: '8953c7f2ee2d9aebd01ab5349cd0b538') in 0.014609 seconds
  Import took 0.017851 seconds .

========================================================================
Received Import Request.
  Time since last request: 0.000221 seconds.
  path: Assets/sprites/pantalla de compu 1.png
  artifactKey: Guid(e9cb6693dcbbd9c45858f7a627afe6c3) Importer(815301076,1909f56bfc062723c751e8b465ee728b)
Start importing Assets/sprites/pantalla de compu 1.png using Guid(e9cb6693dcbbd9c45858f7a627afe6c3) Importer(815301076,1909f56bfc062723c751e8b465ee728b)  -> (artifact id: '887979eebd78142c39cc1f852c1d784d') in 0.011446 seconds
  Import took 0.014840 seconds .

========================================================================
Received Import Request.
  Time since last request: 0.000340 seconds.
  path: Assets/sprites/gas cans.png
  artifactKey: Guid(f09a6c44419733a4faba47d6fb177906) Importer(815301076,1909f56bfc062723c751e8b465ee728b)
Start importing Assets/sprites/gas cans.png using Guid(f09a6c44419733a4faba47d6fb177906) Importer(815301076,1909f56bfc062723c751e8b465ee728b)  -> (artifact id: '1e32c6dcde126d7391371df3b5a0cbdd') in 0.015829 seconds
  Import took 0.020179 seconds .

========================================================================
Received Import Request.
  Time since last request: 17.565933 seconds.
  path: Assets/Scenes/level1.unity
  artifactKey: Guid(299379a94f77bbd4da27b3434fb7578b) Importer(815301076,1909f56bfc062723c751e8b465ee728b)
Start importing Assets/Scenes/level1.unity using Guid(299379a94f77bbd4da27b3434fb7578b) Importer(815301076,1909f56bfc062723c751e8b465ee728b)  -> (artifact id: '9465bf288ca2a3769cd729b2f9254ad6') in 0.004150 seconds
  Import took 0.007023 seconds .

========================================================================
Received Prepare
Registering precompiled user dll's ...
Registered in 0.002041 seconds.
Begin MonoManager ReloadAssembly
Native extension for WindowsStandalone target not found
Refreshing native plugins compatible for Editor in 0.72 ms, found 1 plugins.
Preloading 0 native plugins for Editor in 0.00 ms.
Invoked RoslynAnalysisRunner static constructor.
RoslynAnalysisRunner will not be running.
RoslynAnalysisRunner has terminated.
Mono: successfully reloaded assembly
- Completed reload, in  0.872 seconds
Platform modules already initialized, skipping
Refreshing native plugins compatible for Editor in 0.52 ms, found 1 plugins.
Preloading 0 native plugins for Editor in 0.00 ms.
Unloading 1815 Unused Serialized files (Serialized files now loaded: 0)
System memory in use before: 90.0 MB.
System memory in use after: 89.9 MB.

Unloading 12 unused Assets to reduce memory usage. Loaded Objects now: 2412.
Total: 4.206200 ms (FindLiveObjects: 0.452400 ms CreateObjectMapping: 0.115400 ms MarkObjects: 3.432700 ms  DeleteObjects: 0.202800 ms)

========================================================================
Received Import Request.
  Time since last request: 562.305017 seconds.
  path: Assets/Scenes/level1.unity
  artifactKey: Guid(299379a94f77bbd4da27b3434fb7578b) Importer(815301076,1909f56bfc062723c751e8b465ee728b)
Start importing Assets/Scenes/level1.unity using Guid(299379a94f77bbd4da27b3434fb7578b) Importer(815301076,1909f56bfc062723c751e8b465ee728b)  -> (artifact id: '2f70341d9cf99f3af74514f20ba01734') in 0.016556 seconds
  Import took 0.019937 seconds .

========================================================================
Received Prepare
Registering precompiled user dll's ...
Registered in 0.001319 seconds.
Begin MonoManager ReloadAssembly
Native extension for WindowsStandalone target not found
Refreshing native plugins compatible for Editor in 0.39 ms, found 1 plugins.
Preloading 0 native plugins for Editor in 0.00 ms.
Invoked RoslynAnalysisRunner static constructor.
RoslynAnalysisRunner will not be running.
RoslynAnalysisRunner has terminated.
Mono: successfully reloaded assembly
- Completed reload, in  0.891 seconds
Platform modules already initialized, skipping
Refreshing native plugins compatible for Editor in 0.50 ms, found 1 plugins.
Preloading 0 native plugins for Editor in 0.00 ms.
Unloading 1815 Unused Serialized files (Serialized files now loaded: 0)
System memory in use before: 90.0 MB.
System memory in use after: 90.0 MB.

Unloading 12 unused Assets to reduce memory usage. Loaded Objects now: 2416.
Total: 2.104400 ms (FindLiveObjects: 0.215700 ms CreateObjectMapping: 0.043700 ms MarkObjects: 1.677900 ms  DeleteObjects: 0.165200 ms)

========================================================================
Received Import Request.
  Time since last request: 117.878647 seconds.
  path: Assets/Scenes/level1.unity
  artifactKey: Guid(299379a94f77bbd4da27b3434fb7578b) Importer(815301076,1909f56bfc062723c751e8b465ee728b)
Start importing Assets/Scenes/level1.unity using Guid(299379a94f77bbd4da27b3434fb7578b) Importer(815301076,1909f56bfc062723c751e8b465ee728b)  -> (artifact id: 'acb4e4cda84a063ad64feac996c88b81') in 0.013616 seconds
  Import took 0.017555 seconds .

========================================================================
Received Import Request.
  Time since last request: 194.855811 seconds.
  path: Assets/Quest 1.png
  artifactKey: Guid(c56a16354fc90f640bee585824475abc) Importer(815301076,1909f56bfc062723c751e8b465ee728b)
Start importing Assets/Quest 1.png using Guid(c56a16354fc90f640bee585824475abc) Importer(815301076,1909f56bfc062723c751e8b465ee728b)  -> (artifact id: '7e1e728cdf256c4c4410b3a8d5cf6b8c') in 0.049348 seconds
  Import took 0.052512 seconds .

========================================================================
Received Import Request.
  Time since last request: 0.000206 seconds.
  path: Assets/quest 2.png
  artifactKey: Guid(4ba516a8a82a47a4b80420c5cd4edc49) Importer(815301076,1909f56bfc062723c751e8b465ee728b)
Start importing Assets/quest 2.png using Guid(4ba516a8a82a47a4b80420c5cd4edc49) Importer(815301076,1909f56bfc062723c751e8b465ee728b)  -> (artifact id: '86f826bfdd4f8cba7741b3d1de4ebe1d') in 0.013460 seconds
  Import took 0.016975 seconds .

========================================================================
Received Import Request.
  Time since last request: 16.889677 seconds.
  path: Assets/Scenes/quest 1.1.unity
  artifactKey: Guid(90be11caedbf622448f914dfb118cf5e) Importer(815301076,1909f56bfc062723c751e8b465ee728b)
Start importing Assets/Scenes/quest 1.1.unity using Guid(90be11caedbf622448f914dfb118cf5e) Importer(815301076,1909f56bfc062723c751e8b465ee728b)  -> (artifact id: '25ca2540f02618c3c462a28710c6bd33') in 0.004479 seconds
  Import took 0.008103 seconds .

========================================================================
Received Import Request.
  Time since last request: 7.073652 seconds.
  path: Assets/Scenes/Lvl2Q1.unity
  artifactKey: Guid(90be11caedbf622448f914dfb118cf5e) Importer(815301076,1909f56bfc062723c751e8b465ee728b)
Start importing Assets/Scenes/Lvl2Q1.unity using Guid(90be11caedbf622448f914dfb118cf5e) Importer(815301076,1909f56bfc062723c751e8b465ee728b)  -> (artifact id: '24f9a8aaa366852805e78adcfc64b3cd') in 0.004551 seconds
  Import took 0.008078 seconds .

========================================================================
Received Import Request.
  Time since last request: 1.261241 seconds.
  path: Assets/Scenes/quest 2.2.unity
  artifactKey: Guid(f86c9efb8f053b047910cbd740100af8) Importer(815301076,1909f56bfc062723c751e8b465ee728b)
Start importing Assets/Scenes/quest 2.2.unity using Guid(f86c9efb8f053b047910cbd740100af8) Importer(815301076,1909f56bfc062723c751e8b465ee728b)  -> (artifact id: '430d748d925b864e1282fa408d1bca05') in 0.004240 seconds
  Import took 0.007323 seconds .

========================================================================
Received Import Request.
  Time since last request: 6.285224 seconds.
  path: Assets/Scenes/Lvl2Q2.unity
  artifactKey: Guid(f86c9efb8f053b047910cbd740100af8) Importer(815301076,1909f56bfc062723c751e8b465ee728b)
Start importing Assets/Scenes/Lvl2Q2.unity using Guid(f86c9efb8f053b047910cbd740100af8) Importer(815301076,1909f56bfc062723c751e8b465ee728b)  -> (artifact id: '71dd6d769b64a8a4e46620c59d7ee211') in 0.006240 seconds
  Import took 0.009844 seconds .

========================================================================
Received Import Request.
  Time since last request: 102.212704 seconds.
  path: Assets/Scenes/Lvl2.unity
  artifactKey: Guid(e2534ea728a877e48b1c72949c983750) Importer(815301076,1909f56bfc062723c751e8b465ee728b)
Start importing Assets/Scenes/Lvl2.unity using Guid(e2534ea728a877e48b1c72949c983750) Importer(815301076,1909f56bfc062723c751e8b465ee728b)  -> (artifact id: '2f2d2b6f6f30af3483f9f3295161e960') in 0.005361 seconds
  Import took 0.008679 seconds .

========================================================================
Received Import Request.
  Time since last request: 0.002782 seconds.
  path: Assets/Scenes/Lvl2.unity
  artifactKey: Guid(e2534ea728a877e48b1c72949c983750) Importer(815301076,1909f56bfc062723c751e8b465ee728b)
Start importing Assets/Scenes/Lvl2.unity using Guid(e2534ea728a877e48b1c72949c983750) Importer(815301076,1909f56bfc062723c751e8b465ee728b)  -> (artifact id: '2f2d2b6f6f30af3483f9f3295161e960') in 0.003143 seconds
  Import took 0.005932 seconds .

========================================================================
Received Import Request.
  Time since last request: 207.821496 seconds.
  path: Assets/Scenes/Lvl2Q1.unity
  artifactKey: Guid(90be11caedbf622448f914dfb118cf5e) Importer(815301076,1909f56bfc062723c751e8b465ee728b)
Start importing Assets/Scenes/Lvl2Q1.unity using Guid(90be11caedbf622448f914dfb118cf5e) Importer(815301076,1909f56bfc062723c751e8b465ee728b)  -> (artifact id: 'bf5bead1310332cd2aec92f039874e96') in 0.003953 seconds
  Import took 0.007184 seconds .

========================================================================
Received Import Request.
  Time since last request: 2.524078 seconds.
  path: Assets/Scenes/Lvl2.unity
  artifactKey: Guid(e2534ea728a877e48b1c72949c983750) Importer(815301076,1909f56bfc062723c751e8b465ee728b)
Start importing Assets/Scenes/Lvl2.unity using Guid(e2534ea728a877e48b1c72949c983750) Importer(815301076,1909f56bfc062723c751e8b465ee728b)  -> (artifact id: '2e47c94041589f49d7b1b5ab5de08962') in 0.004295 seconds
  Import took 0.008099 seconds .

========================================================================
Received Import Request.
  Time since last request: 188.846706 seconds.
  path: Assets/Scenes/Lvl1Q1.unity
  artifactKey: Guid(6e56118c0e3964cadb82f6480eabec0c) Importer(815301076,1909f56bfc062723c751e8b465ee728b)
Start importing Assets/Scenes/Lvl1Q1.unity using Guid(6e56118c0e3964cadb82f6480eabec0c) Importer(815301076,1909f56bfc062723c751e8b465ee728b)  -> (artifact id: '1a4fb862c2b7b30e9fef238757efc01e') in 0.003995 seconds
  Import took 0.007331 seconds .

========================================================================
Received Import Request.
  Time since last request: 64.871468 seconds.
  path: Assets/Scenes/Lvl2Q1.unity
  artifactKey: Guid(90be11caedbf622448f914dfb118cf5e) Importer(815301076,1909f56bfc062723c751e8b465ee728b)
Start importing Assets/Scenes/Lvl2Q1.unity using Guid(90be11caedbf622448f914dfb118cf5e) Importer(815301076,1909f56bfc062723c751e8b465ee728b)  -> (artifact id: 'd5930036ae2a93db791b4e7daa07a41c') in 0.004144 seconds
  Import took 0.007040 seconds .

========================================================================
Received Import Request.
  Time since last request: 13.440412 seconds.
  path: Assets/Scenes/Lvl2.unity
  artifactKey: Guid(e2534ea728a877e48b1c72949c983750) Importer(815301076,1909f56bfc062723c751e8b465ee728b)
Start importing Assets/Scenes/Lvl2.unity using Guid(e2534ea728a877e48b1c72949c983750) Importer(815301076,1909f56bfc062723c751e8b465ee728b)  -> (artifact id: '551c95213cf55cf14effd415628e7379') in 0.003834 seconds
  Import took 0.006651 seconds .

========================================================================
Received Prepare
Registering precompiled user dll's ...
Registered in 0.001732 seconds.
Begin MonoManager ReloadAssembly
Native extension for WindowsStandalone target not found
Refreshing native plugins compatible for Editor in 0.41 ms, found 1 plugins.
Preloading 0 native plugins for Editor in 0.00 ms.
Invoked RoslynAnalysisRunner static constructor.
RoslynAnalysisRunner will not be running.
RoslynAnalysisRunner has terminated.
Mono: successfully reloaded assembly
- Completed reload, in  0.972 seconds
Platform modules already initialized, skipping
Refreshing native plugins compatible for Editor in 0.47 ms, found 1 plugins.
Preloading 0 native plugins for Editor in 0.00 ms.
Unloading 1815 Unused Serialized files (Serialized files now loaded: 0)
System memory in use before: 90.1 MB.
System memory in use after: 90.1 MB.

Unloading 12 unused Assets to reduce memory usage. Loaded Objects now: 2423.
Total: 3.627800 ms (FindLiveObjects: 0.503800 ms CreateObjectMapping: 0.096400 ms MarkObjects: 2.863600 ms  DeleteObjects: 0.161300 ms)

========================================================================
Received Import Request.
  Time since last request: 191.247205 seconds.
  path: Assets/Scenes/Lvl2Q2.unity
  artifactKey: Guid(f86c9efb8f053b047910cbd740100af8) Importer(815301076,1909f56bfc062723c751e8b465ee728b)
Start importing Assets/Scenes/Lvl2Q2.unity using Guid(f86c9efb8f053b047910cbd740100af8) Importer(815301076,1909f56bfc062723c751e8b465ee728b)  -> (artifact id: '766f1a77d9bfaa2753e9cb1ee473e16e') in 0.011235 seconds
  Import took 0.014700 seconds .

========================================================================
Received Import Request.
  Time since last request: 0.881069 seconds.
  path: Assets/Scenes/Lvl1Q2.unity
  artifactKey: Guid(4033221d286601448995900a26d6bf73) Importer(815301076,1909f56bfc062723c751e8b465ee728b)
Start importing Assets/Scenes/Lvl1Q2.unity using Guid(4033221d286601448995900a26d6bf73) Importer(815301076,1909f56bfc062723c751e8b465ee728b)  -> (artifact id: '1379b26faebf0ab276499c56508d2067') in 0.004392 seconds
  Import took 0.008385 seconds .

========================================================================
Received Import Request.
  Time since last request: 0.007148 seconds.
  path: Assets/Scenes/Lvl1Q2.unity
  artifactKey: Guid(4033221d286601448995900a26d6bf73) Importer(815301076,1909f56bfc062723c751e8b465ee728b)
Start importing Assets/Scenes/Lvl1Q2.unity using Guid(4033221d286601448995900a26d6bf73) Importer(815301076,1909f56bfc062723c751e8b465ee728b)  -> (artifact id: '1379b26faebf0ab276499c56508d2067') in 0.003648 seconds
  Import took 0.007406 seconds .

========================================================================
Received Import Request.
  Time since last request: 18.727888 seconds.
  path: Assets/Scenes/Lvl3.unity
  artifactKey: Guid(cd4f5cc314d06ad4994fb3e82958279a) Importer(815301076,1909f56bfc062723c751e8b465ee728b)
Start importing Assets/Scenes/Lvl3.unity using Guid(cd4f5cc314d06ad4994fb3e82958279a) Importer(815301076,1909f56bfc062723c751e8b465ee728b)  -> (artifact id: '24d7f78062af6c6bf9832dac179520fa') in 0.004088 seconds
  Import took 0.007541 seconds .

========================================================================
Received Import Request.
  Time since last request: 75.573868 seconds.
  path: Assets/Scenes/Menu.unity
  artifactKey: Guid(2cda990e2423bbf4892e6590ba056729) Importer(815301076,1909f56bfc062723c751e8b465ee728b)
Start importing Assets/Scenes/Menu.unity using Guid(2cda990e2423bbf4892e6590ba056729) Importer(815301076,1909f56bfc062723c751e8b465ee728b)  -> (artifact id: 'd00b754176d3be83735e2f4b3b0e21cb') in 0.004886 seconds
  Import took 0.008118 seconds .

========================================================================
Received Prepare
Registering precompiled user dll's ...
Registered in 0.001935 seconds.
Begin MonoManager ReloadAssembly
Native extension for WindowsStandalone target not found
Refreshing native plugins compatible for Editor in 0.64 ms, found 1 plugins.
Preloading 0 native plugins for Editor in 0.00 ms.
Invoked RoslynAnalysisRunner static constructor.
RoslynAnalysisRunner will not be running.
RoslynAnalysisRunner has terminated.
Mono: successfully reloaded assembly
- Completed reload, in  0.880 seconds
Platform modules already initialized, skipping
Refreshing native plugins compatible for Editor in 0.40 ms, found 1 plugins.
Preloading 0 native plugins for Editor in 0.00 ms.
Unloading 1815 Unused Serialized files (Serialized files now loaded: 0)
System memory in use before: 90.1 MB.
System memory in use after: 90.1 MB.

Unloading 12 unused Assets to reduce memory usage. Loaded Objects now: 2427.
Total: 2.582000 ms (FindLiveObjects: 0.295300 ms CreateObjectMapping: 0.044200 ms MarkObjects: 2.120600 ms  DeleteObjects: 0.119800 ms)

========================================================================
Received Prepare
Registering precompiled user dll's ...
Registered in 0.001426 seconds.
Begin MonoManager ReloadAssembly
Native extension for WindowsStandalone target not found
Refreshing native plugins compatible for Editor in 0.44 ms, found 1 plugins.
Preloading 0 native plugins for Editor in 0.00 ms.
Invoked RoslynAnalysisRunner static constructor.
RoslynAnalysisRunner will not be running.
RoslynAnalysisRunner has terminated.
Mono: successfully reloaded assembly
- Completed reload, in  0.993 seconds
Platform modules already initialized, skipping
Refreshing native plugins compatible for Editor in 0.86 ms, found 1 plugins.
Preloading 0 native plugins for Editor in 0.00 ms.
Unloading 1815 Unused Serialized files (Serialized files now loaded: 0)
System memory in use before: 90.1 MB.
System memory in use after: 90.1 MB.

Unloading 12 unused Assets to reduce memory usage. Loaded Objects now: 2431.
Total: 3.241600 ms (FindLiveObjects: 0.395100 ms CreateObjectMapping: 0.092000 ms MarkObjects: 2.567600 ms  DeleteObjects: 0.184900 ms)

========================================================================
Received Import Request.
  Time since last request: 44.173247 seconds.
  path: Assets/Scenes/Lvl3.unity
  artifactKey: Guid(cd4f5cc314d06ad4994fb3e82958279a) Importer(815301076,1909f56bfc062723c751e8b465ee728b)
Start importing Assets/Scenes/Lvl3.unity using Guid(cd4f5cc314d06ad4994fb3e82958279a) Importer(815301076,1909f56bfc062723c751e8b465ee728b)  -> (artifact id: 'b65b431eda124e6968c2e908c115306e') in 0.017819 seconds
  Import took 0.021159 seconds .

========================================================================
Received Import Request.
  Time since last request: 21.328314 seconds.
  path: Assets/SpaceSkies Free/Skybox_1/Pink_1K_Resolution.mat
  artifactKey: Guid(3e8bc5155c4c9ed46a63ac64c06408f3) Importer(815301076,1909f56bfc062723c751e8b465ee728b)
Start importing Assets/SpaceSkies Free/Skybox_1/Pink_1K_Resolution.mat using Guid(3e8bc5155c4c9ed46a63ac64c06408f3) Importer(815301076,1909f56bfc062723c751e8b465ee728b)  -> (artifact id: '5573e4779356350470dd3b932aed5bf2') in 0.074994 seconds
  Import took 0.078129 seconds .

========================================================================
Received Import Request.
  Time since last request: 0.000252 seconds.
  path: Assets/SpaceSkies Free/Skybox_1/Pink_4K_Resolution.mat
  artifactKey: Guid(8401881fcb9afd34eb383fc90bbbbddc) Importer(815301076,1909f56bfc062723c751e8b465ee728b)
Start importing Assets/SpaceSkies Free/Skybox_1/Pink_4K_Resolution.mat using Guid(8401881fcb9afd34eb383fc90bbbbddc) Importer(815301076,1909f56bfc062723c751e8b465ee728b)  -> (artifact id: '0f24600580d4af1cc2c77a6de4b2dec5') in 0.045054 seconds
  Import took 0.048428 seconds .

========================================================================
Received Import Request.
  Time since last request: 0.000270 seconds.
  path: Assets/SpaceSkies Free/Skybox_1/Pink_2K_Resolution.mat
  artifactKey: Guid(9f69d571a9cb54943b5a80ccd6b19e96) Importer(815301076,1909f56bfc062723c751e8b465ee728b)
Start importing Assets/SpaceSkies Free/Skybox_1/Pink_2K_Resolution.mat using Guid(9f69d571a9cb54943b5a80ccd6b19e96) Importer(815301076,1909f56bfc062723c751e8b465ee728b)  -> (artifact id: '40340f48c20a3d2080dfed1328a7b24f') in 0.031006 seconds
  Import took 0.034260 seconds .

========================================================================
Received Import Request.
  Time since last request: 2.050149 seconds.
  path: Assets/SpaceSkies Free/Skybox_1/Textures
  artifactKey: Guid(02cf5c3336924bf4bbeb6152a0d8da8b) Importer(815301076,1909f56bfc062723c751e8b465ee728b)
Start importing Assets/SpaceSkies Free/Skybox_1/Textures using Guid(02cf5c3336924bf4bbeb6152a0d8da8b) Importer(815301076,1909f56bfc062723c751e8b465ee728b)  -> (artifact id: '2e4f46ff8780fae451eaf01d28559df3') in 0.003981 seconds
  Import took 0.006881 seconds .

========================================================================
Received Import Request.
  Time since last request: 14.582318 seconds.
  path: Assets/TextMesh Pro/Resources
  artifactKey: Guid(243e06394e614e5d99fab26083b707fa) Importer(815301076,1909f56bfc062723c751e8b465ee728b)
Start importing Assets/TextMesh Pro/Resources using Guid(243e06394e614e5d99fab26083b707fa) Importer(815301076,1909f56bfc062723c751e8b465ee728b)  -> (artifact id: '64c628551ca0a629f9e03b0275b2bbba') in 0.003875 seconds
  Import took 0.006737 seconds .

========================================================================
Received Import Request.
  Time since last request: 0.040294 seconds.
  path: Assets/TextMesh Pro/Resources/TMP Settings.asset
  artifactKey: Guid(3f5b5dff67a942289a9defa416b206f3) Importer(815301076,1909f56bfc062723c751e8b465ee728b)
Start importing Assets/TextMesh Pro/Resources/TMP Settings.asset using Guid(3f5b5dff67a942289a9defa416b206f3) Importer(815301076,1909f56bfc062723c751e8b465ee728b)  -> (artifact id: '94238df3cddf080dd3cde50907c0fd16') in 0.049237 seconds
  Import took 0.052473 seconds .

========================================================================
Received Import Request.
  Time since last request: 21.073820 seconds.
  path: Assets/SpaceSkies Free/Skybox_2/Green_4K_Resolution.mat
  artifactKey: Guid(b13109bc4674dd24ebc04b7c12437ad6) Importer(815301076,1909f56bfc062723c751e8b465ee728b)
Start importing Assets/SpaceSkies Free/Skybox_2/Green_4K_Resolution.mat using Guid(b13109bc4674dd24ebc04b7c12437ad6) Importer(815301076,1909f56bfc062723c751e8b465ee728b)  -> (artifact id: '9176873a48c20e194b0fb8317e310bcc') in 0.025295 seconds
  Import took 0.029506 seconds .

========================================================================
Received Import Request.
  Time since last request: 1.843079 seconds.
  path: Assets/SpaceSkies Free/Skybox_3/Purple_1K_Resolution.mat
  artifactKey: Guid(697dcc1a69e1a2c4ea5db483875ede85) Importer(815301076,1909f56bfc062723c751e8b465ee728b)
Start importing Assets/SpaceSkies Free/Skybox_3/Purple_1K_Resolution.mat using Guid(697dcc1a69e1a2c4ea5db483875ede85) Importer(815301076,1909f56bfc062723c751e8b465ee728b)  -> (artifact id: '56b32ae54faad6bfbd11f2ff5e693489') in 0.018071 seconds
  Import took 0.021043 seconds .

========================================================================
Received Import Request.
  Time since last request: 0.000226 seconds.
  path: Assets/SpaceSkies Free/Skybox_3/Purple_4K_Resolution.mat
  artifactKey: Guid(95ebf50189f880e4aa17c4fdba9007aa) Importer(815301076,1909f56bfc062723c751e8b465ee728b)
Start importing Assets/SpaceSkies Free/Skybox_3/Purple_4K_Resolution.mat using Guid(95ebf50189f880e4aa17c4fdba9007aa) Importer(815301076,1909f56bfc062723c751e8b465ee728b)  -> (artifact id: '3f43c509086e0158655ee2461a1de8b5') in 0.030730 seconds
  Import took 0.034282 seconds .

========================================================================
Received Import Request.
  Time since last request: 0.000198 seconds.
  path: Assets/SpaceSkies Free/Skybox_3/Purple_2K_Resolution.mat
  artifactKey: Guid(246d4b1ad4a63004d8fcf3949494e5b3) Importer(815301076,1909f56bfc062723c751e8b465ee728b)
Start importing Assets/SpaceSkies Free/Skybox_3/Purple_2K_Resolution.mat using Guid(246d4b1ad4a63004d8fcf3949494e5b3) Importer(815301076,1909f56bfc062723c751e8b465ee728b)  -> (artifact id: 'd5943c7abcf3ac5235eaf783192d36fc') in 0.030671 seconds
  Import took 0.034391 seconds .

========================================================================
Received Prepare
Registering precompiled user dll's ...
Registered in 0.001319 seconds.
Begin MonoManager ReloadAssembly
Native extension for WindowsStandalone target not found
Refreshing native plugins compatible for Editor in 0.38 ms, found 1 plugins.
Preloading 0 native plugins for Editor in 0.00 ms.
Invoked RoslynAnalysisRunner static constructor.
RoslynAnalysisRunner will not be running.
RoslynAnalysisRunner has terminated.
Mono: successfully reloaded assembly
- Completed reload, in  0.850 seconds
Platform modules already initialized, skipping
Refreshing native plugins compatible for Editor in 0.42 ms, found 1 plugins.
Preloading 0 native plugins for Editor in 0.00 ms.
Unloading 1813 Unused Serialized files (Serialized files now loaded: 0)
System memory in use before: 90.3 MB.
System memory in use after: 90.3 MB.

Unloading 14 unused Assets to reduce memory usage. Loaded Objects now: 2467.
Total: 1.841000 ms (FindLiveObjects: 0.203300 ms CreateObjectMapping: 0.042000 ms MarkObjects: 1.482200 ms  DeleteObjects: 0.112800 ms)

========================================================================
Received Import Request.
  Time since last request: 59.868492 seconds.
  path: Assets/CosmicMan/DemoScene.unity
  artifactKey: Guid(77da39673d70d114caaee915cc1c1242) Importer(815301076,1909f56bfc062723c751e8b465ee728b)
Start importing Assets/CosmicMan/DemoScene.unity using Guid(77da39673d70d114caaee915cc1c1242) Importer(815301076,1909f56bfc062723c751e8b465ee728b)  -> (artifact id: '87d7350296a1faac73941ddc7c0b3ab6') in 0.014676 seconds
  Import took 0.017569 seconds .

========================================================================
Received Prepare
Registering precompiled user dll's ...
Registered in 0.001311 seconds.
Begin MonoManager ReloadAssembly
Native extension for WindowsStandalone target not found
Refreshing native plugins compatible for Editor in 0.94 ms, found 1 plugins.
Preloading 0 native plugins for Editor in 0.00 ms.
Invoked RoslynAnalysisRunner static constructor.
RoslynAnalysisRunner will not be running.
RoslynAnalysisRunner has terminated.
Mono: successfully reloaded assembly
- Completed reload, in  0.878 seconds
Platform modules already initialized, skipping
Refreshing native plugins compatible for Editor in 0.37 ms, found 1 plugins.
Preloading 0 native plugins for Editor in 0.00 ms.
Unloading 1813 Unused Serialized files (Serialized files now loaded: 0)
System memory in use before: 90.3 MB.
System memory in use after: 90.3 MB.

Unloading 12 unused Assets to reduce memory usage. Loaded Objects now: 2471.
Total: 2.405100 ms (FindLiveObjects: 0.211500 ms CreateObjectMapping: 0.041400 ms MarkObjects: 2.014500 ms  DeleteObjects: 0.136500 ms)

========================================================================
Received Prepare
Refreshing native plugins compatible for Editor in 2.09 ms, found 1 plugins.
Preloading 0 native plugins for Editor in 0.00 ms.
Unloading 10 Unused Serialized files (Serialized files now loaded: 0)
System memory in use before: 54.6 MB.
System memory in use after: 54.6 MB.

Unloading 10 unused Assets to reduce memory usage. Loaded Objects now: 2471.
Total: 2.734400 ms (FindLiveObjects: 0.262400 ms CreateObjectMapping: 0.079800 ms MarkObjects: 2.272300 ms  DeleteObjects: 0.118400 ms)

========================================================================
Received Prepare
Refreshing native plugins compatible for Editor in 2.04 ms, found 1 plugins.
Preloading 0 native plugins for Editor in 0.00 ms.
Unloading 10 Unused Serialized files (Serialized files now loaded: 0)
System memory in use before: 54.6 MB.
System memory in use after: 54.6 MB.

Unloading 10 unused Assets to reduce memory usage. Loaded Objects now: 2471.
Total: 2.108800 ms (FindLiveObjects: 0.237500 ms CreateObjectMapping: 0.041400 ms MarkObjects: 1.708900 ms  DeleteObjects: 0.119600 ms)

========================================================================
Received Prepare
Registering precompiled user dll's ...
Registered in 0.003099 seconds.
Begin MonoManager ReloadAssembly
Native extension for WindowsStandalone target not found
Refreshing native plugins compatible for Editor in 0.42 ms, found 1 plugins.
Preloading 0 native plugins for Editor in 0.00 ms.
Invoked RoslynAnalysisRunner static constructor.
RoslynAnalysisRunner will not be running.
RoslynAnalysisRunner has terminated.
Mono: successfully reloaded assembly
- Completed reload, in  0.906 seconds
Platform modules already initialized, skipping
Refreshing native plugins compatible for Editor in 0.37 ms, found 1 plugins.
Preloading 0 native plugins for Editor in 0.00 ms.
Unloading 1813 Unused Serialized files (Serialized files now loaded: 0)
System memory in use before: 90.3 MB.
System memory in use after: 90.3 MB.

Unloading 12 unused Assets to reduce memory usage. Loaded Objects now: 2475.
Total: 2.093700 ms (FindLiveObjects: 0.218600 ms CreateObjectMapping: 0.041800 ms MarkObjects: 1.706600 ms  DeleteObjects: 0.125500 ms)

========================================================================
Received Prepare
Refreshing native plugins compatible for Editor in 2.18 ms, found 1 plugins.
Preloading 0 native plugins for Editor in 0.00 ms.
Unloading 10 Unused Serialized files (Serialized files now loaded: 0)
System memory in use before: 54.7 MB.
System memory in use after: 54.7 MB.

Unloading 10 unused Assets to reduce memory usage. Loaded Objects now: 2475.
Total: 1.985200 ms (FindLiveObjects: 0.205900 ms CreateObjectMapping: 0.041100 ms MarkObjects: 1.614300 ms  DeleteObjects: 0.122800 ms)

========================================================================
Received Prepare
Refreshing native plugins compatible for Editor in 2.72 ms, found 1 plugins.
Preloading 0 native plugins for Editor in 0.00 ms.
Unloading 10 Unused Serialized files (Serialized files now loaded: 0)
System memory in use before: 54.7 MB.
System memory in use after: 54.7 MB.

Unloading 10 unused Assets to reduce memory usage. Loaded Objects now: 2475.
Total: 4.009100 ms (FindLiveObjects: 0.967300 ms CreateObjectMapping: 0.206600 ms MarkObjects: 2.704300 ms  DeleteObjects: 0.128500 ms)

========================================================================
Received Import Request.
  Time since last request: 434.226028 seconds.
  path: Assets/TextMesh Pro/Fonts/LiberationSans.ttf
  artifactKey: Guid(e3265ab4bf004d28a9537516768c1c75) Importer(815301076,1909f56bfc062723c751e8b465ee728b)
Start importing Assets/TextMesh Pro/Fonts/LiberationSans.ttf using Guid(e3265ab4bf004d28a9537516768c1c75) Importer(815301076,1909f56bfc062723c751e8b465ee728b)  -> (artifact id: '9c7ec6a2a790a7598f2701074f94f584') in 0.069283 seconds
  Import took 0.072229 seconds .

========================================================================
Received Import Request.
  Time since last request: 294.513482 seconds.
  path: Assets/Scenes/Lvl1Q1.unity
  artifactKey: Guid(6e56118c0e3964cadb82f6480eabec0c) Importer(815301076,1909f56bfc062723c751e8b465ee728b)
Start importing Assets/Scenes/Lvl1Q1.unity using Guid(6e56118c0e3964cadb82f6480eabec0c) Importer(815301076,1909f56bfc062723c751e8b465ee728b)  -> (artifact id: '177768947b6723472908320e9e0fe1df') in 0.004801 seconds
  Import took 0.008148 seconds .

========================================================================
Received Prepare
Refreshing native plugins compatible for Editor in 2.18 ms, found 1 plugins.
Preloading 0 native plugins for Editor in 0.00 ms.
Unloading 10 Unused Serialized files (Serialized files now loaded: 0)
System memory in use before: 55.0 MB.
System memory in use after: 55.0 MB.

Unloading 10 unused Assets to reduce memory usage. Loaded Objects now: 2480.
Total: 3.442600 ms (FindLiveObjects: 0.300600 ms CreateObjectMapping: 0.077100 ms MarkObjects: 2.932900 ms  DeleteObjects: 0.129400 ms)

AssetImportWorkerClient::OnTransportError - code=2 error=End of file
